IQ-TREE multicore version 1.6.12 for Mac OS X 64-bit built Aug 15 2019
Developed by Bui Quang Minh, Nguyen Lam Tung, Olga Chernomor,
Heiko Schmidt, Dominik Schrempf, Michael Woodhams.

Host:    Jamess-MacBook-Air.local (AVX2, FMA3, 4 GB RAM)
Command: iqtree -s GFP_Final.fasta
Seed:    226996 (Using SPRNG - Scalable Parallel Random Number Generator)
Time:    Sun Feb 21 18:16:00 2021
Kernel:  AVX+FMA - 1 threads (4 CPU cores detected)

HINT: Use -nt option to specify number of threads because your CPU has 4 cores!
HINT: -nt AUTO will automatically determine the best number of threads to use.

Reading alignment file GFP_Final.fasta ... Fasta format detected
Alignment most likely contains protein sequences
Alignment has 339 sequences with 253 columns, 252 distinct patterns
222 parsimony-informative, 15 singleton sites, 15 constant sites
WARNING: Some sequence names are changed as follows:
1GFL_1|Chains -> 1GFL_1_Chains

                Gap/Ambiguity  Composition  p-value
   1  AEP19817.1       12.65%    passed     70.22%
   2  AEP19816.1       12.25%    passed     46.67%
   3  AAR85351.1       13.44%    passed      9.89%
   4  AAR85350.1       13.04%    passed     48.56%
   5  ADI71928.1       11.86%    passed     96.39%
   6  AEP19815.1       12.25%    passed     65.90%
   7  QEQ56190.1       12.65%    passed     93.57%
   8  5MSE_A           13.04%    failed      0.05%
   9  6QUH_A           13.04%    failed      0.00%
  10  QEQ56194.1       12.25%    passed     99.55%
  11  AAL33918.1       12.25%    passed     96.55%
  12  7LG4_A           13.04%    passed     93.50%
  13  6MDR_a           12.25%    passed      7.24%
  14  6XU4_A           14.62%    passed     59.62%
  15  3O78_A           12.25%    passed     44.16%
  16  3EVV_A           12.25%    passed     48.78%
  17  3OSR_A           22.92%    passed     98.90%
  18  3OSQ_A           13.04%    passed     65.68%
  19  6PER_A           14.62%    passed     71.92%
  20  6URU_A           12.65%    passed     52.58%
  21  5F9G_A           43.08%    passed     72.82%
  22  5YR2_A           42.69%    passed     74.04%
  23  6DGV_A           26.09%    passed     70.98%
  24  6LNP_B           12.65%    passed     99.51%
  25  4ORN_A           13.44%    passed     95.51%
  26  5B61_A           12.25%    passed     98.31%
  27  MVO97936.1       51.38%    passed     98.44%
  28  6OG8_A           30.83%    passed     20.36%
  29  6UN5_A           27.67%    passed     67.33%
  30  4LW5_A           13.04%    passed     79.67%
  31  6B7T_A           25.30%    passed     87.38%
  32  5WUA_A           12.25%    passed     95.50%
  33  6L02_A           13.04%    passed     94.95%
  34  3ED8_A           13.04%    passed     93.20%
  35  4RYW_A           13.04%    passed     99.76%
  36  6MDR_b           12.25%    passed     91.24%
  37  5WJ2_A           13.04%    passed     98.21%
  38  4XOV_A           13.04%    passed     94.30%
  39  5DU0_A           13.04%    passed     94.18%
  40  5JZL_A           13.04%    passed     95.69%
  41  7BWN_A           12.25%    passed     97.28%
  42  5J3N_A           13.04%    passed     94.29%
  43  1RRX_A           16.60%    passed     51.58%
  44  2Q6P_A           17.00%    passed     43.15%
  45  6GEL_A           13.04%    passed     94.44%
  46  4KW4_A           13.04%    passed     89.96%
  47  3UFZ_A           13.04%    passed     95.49%
  48  3GEX_A           13.04%    passed     98.93%
  49  6AA6_A           12.65%    passed     97.50%
  50  4L12_A           13.04%    passed     92.95%
  51  3ST2_A           13.04%    passed     98.25%
  52  BAD84181.1       12.25%    passed     94.01%
  53  4GF6_B           12.65%    passed     95.50%
  54  2JAD_A           13.04%    passed     98.18%
  55  6FWW_A           13.04%    passed     97.64%
  56  3CD1_A           13.04%    passed     99.50%
  57  3P28_A           31.23%    passed     97.24%
  58  4GES_B           12.65%    passed     98.81%
  59  AFJ11389.1       12.25%    passed     98.44%
  60  4PA0_A           13.04%    passed     98.80%
  61  XP_013335879.1   12.25%    passed     99.63%
  62  SAI82916.1       12.25%    passed     99.77%
  63  2QU1_A           14.23%    passed     80.88%
  64  6UHK_A           13.04%    passed     97.34%
  65  6VIO_A           13.04%    passed     99.18%
  66  QJT93813.1       12.25%    passed     98.76%
  67  1GFL_1_Chains     7.11%    passed     99.35%
  68  6WRF_S           12.25%    passed     99.39%
  69  AQT31663.1       12.25%    passed     99.38%
  70  KAG0778710.1     31.23%    passed     58.17%
  71  KAG1217658.1     12.25%    passed     99.24%
  72  5DQB_A           13.04%    passed     95.47%
  73  BBI37518.1       12.25%    passed     97.90%
  74  4AS8_A           13.04%    passed     96.73%
  75  BAB61868.1       12.25%    passed     99.02%
  76  AEP19814.1       12.25%    passed     94.89%
  77  QEQ56198.1       12.65%    passed     88.37%
  78  QEQ56196.1       12.25%    passed     57.57%
  79  QEQ56197.1       12.25%    passed     52.70%
  80  QEQ56191.1       12.25%    passed     48.54%
  81  QEQ56192.1       12.25%    passed     74.77%
  82  AAR85349.1       13.04%    passed     93.77%
  83  4HE4_A           13.83%    passed     94.90%
  84  QEQ56193.1       13.04%    passed     56.94%
  85  QEQ56195.1       12.25%    passed     64.22%
  86  BBC53698.1       13.44%    passed     99.83%
  87  AAR85352.1       13.04%    passed     22.02%
  88  4ZFS_A           13.44%    failed      3.17%
  89  4ZBL_A           13.44%    failed      4.74%
  90  2WIQ_A           13.44%    passed      8.32%
  91  5Y00_A           13.83%    passed     56.70%
  92  BBC28143.1       14.62%    passed     97.34%
  93  AXX69745.1       14.23%    passed     93.16%
  94  AEP13896.1       13.44%    passed     30.62%
  95  AXX69743.1       14.23%    passed     89.81%
  96  AXX69741.1       14.62%    passed     35.89%
  97  AXX69747.1       13.83%    passed     50.71%
  98  AXX69740.1       13.83%    passed     65.21%
  99  AXX69746.1       13.83%    passed     48.94%
 100  AXX69739.1       13.83%    passed     86.53%
 101  AXX69742.1       14.23%    passed     74.60%
 102  AOI27766.1       16.21%    passed      7.85%
 103  ACA48246.1       19.37%    passed     78.01%
 104  XP_035658896.1   16.60%    passed     68.11%
 105  XP_035658893.1   14.23%    passed     68.31%
 106  4DKN_A           16.21%    passed     51.07%
 107  ACH67606.1       15.02%    passed     74.58%
 108  AAP55761.1       15.42%    passed     36.03%
 109  XP_001634522.1   15.02%    passed     38.26%
 110  EDO49451.1       30.43%    passed     98.96%
 111  XP_032222978.1   26.88%    passed     88.79%
 112  AAQ11988.1       15.02%    passed     51.72%
 113  BAU68609.1       15.02%    passed     55.73%
 114  AAG41205.1       15.02%    passed     85.38%
 115  AAM10626.2       15.42%    passed     99.75%
 116  AAS19276.1       14.62%    passed     99.91%
 117  AAO16871.1       14.62%    passed     99.97%
 118  5UKG_A           13.44%    passed     57.97%
 119  3U0K_A           14.23%    passed     51.84%
 120  3E5V_A           15.42%    passed     77.45%
 121  6XWY_A           15.81%    passed     70.33%
 122  ANW97526.1       13.83%    passed     87.48%
 123  3U0L_A           15.02%    passed     88.25%
 124  5BQL_A           15.02%    passed     98.26%
 125  3PIB_A           15.42%    passed     97.81%
 126  4EDS_A           15.42%    passed     99.23%
 127  6U1A_A           15.02%    passed     99.20%
 128  4OJ0_A           15.02%    passed     89.18%
 129  4OQW_A           16.21%    passed     82.36%
 130  5YT1_A           15.02%    passed     98.07%
 131  3IP2_A           15.42%    passed     99.52%
 132  3H1O_A           15.42%    passed     99.11%
 133  WP_159067927.1   14.23%    passed     99.36%
 134  3BX9_A           15.02%    passed     99.53%
 135  Q95W86.1         15.02%    passed     99.14%
 136  AAK71343.1       15.02%    passed     97.13%
 137  6JC5_A           15.81%    passed     97.77%
 138  Q95W85.1         15.81%    passed     88.89%
 139  6DEJ_A           15.81%    passed     97.30%
 140  6Y1G_A           16.21%    passed     96.25%
 141  AAG41206.2       15.02%    passed     96.56%
 142  1XMZ_A           15.42%    passed     94.27%
 143  AOQ25778.1       15.02%    passed     95.90%
 144  4OHS_B           17.00%    passed     96.27%
 145  XP_031550180.1   15.42%    passed     99.27%
 146  ABA41382.1       15.42%    passed     97.25%
 147  2VAD_A           15.42%    passed     70.89%
 148  BBI37512.1       14.62%    passed     82.79%
 149  4Q7T_A           16.21%    passed     86.02%
 150  WP_105812643.1   14.23%    passed     80.16%
 151  4H3M_A           15.02%    passed     70.79%
 152  AAV65487.1       14.62%    passed     57.07%
 153  TID02864.1       14.62%    passed     76.59%
 154  AAV65486.1       14.23%    passed     67.50%
 155  4Q7R_A           16.21%    passed     95.02%
 156  3KCS_A           15.02%    passed     94.01%
 157  2H5P_A           15.02%    passed     88.75%
 158  3LF3_A           15.02%    passed     90.17%
 159  3NED_A           15.02%    passed     97.15%
 160  5H88_A           15.81%    passed     98.63%
 161  6V00_C           14.62%    passed     91.82%
 162  6WQK_A           14.62%    passed     77.95%
 163  OWH28488.1       14.23%    passed     93.04%
 164  AAG16224.1       14.23%    passed     56.36%
 165  QKN89973.1       14.23%    passed     72.62%
 166  WP_139546006.1   14.62%    passed     79.70%
 167  WP_147736864.1   14.62%    passed     78.98%
 168  AAU04444.1       14.23%    passed     93.17%
 169  BAE53441.1       14.23%    passed     96.90%
 170  2VAE_A           15.42%    passed     78.50%
 171  ABB17953.1       13.44%    passed     99.86%
 172  BBC08819.1       13.44%    passed     99.74%
 173  BBV24630.1       59.29%    passed     61.75%
 174  ANF06846.1       15.02%    passed     56.58%
 175  ACD13196.1       15.42%    passed     83.10%
 176  AAK71338.1       15.42%    passed     99.99%
 177  AAK71331.1       14.23%    passed     19.06%
 178  AAK71341.1       14.62%    passed     90.66%
 179  ACV52389.1       13.83%    passed     98.04%
 180  AUD11406.1       15.02%    passed     71.55%
 181  BBG58139.1       15.42%    passed     93.29%
 182  XP_020630140.1   15.42%    passed     99.14%
 183  ACV52372.1       14.62%    passed     97.13%
 184  AUD11405.1       15.02%    passed     99.91%
 185  AAU06857.1       15.42%    passed     99.40%
 186  2VZX_A           15.81%    passed    100.00%
 187  5EXB_A           15.81%    passed     99.71%
 188  BAW32535.1       15.02%    passed    100.00%
 189  BAW32538.1       15.42%    passed     99.83%
 190  Q9U6Y3.1         14.23%    passed     89.85%
 191  2OTB_A           16.60%    passed     73.50%
 192  6QSO_A           15.81%    passed     75.78%
 193  2HQK_A           16.60%    passed     89.73%
 194  7DNB_A           43.08%    passed     98.58%
 195  ABN41776.1       15.42%    passed     97.83%
 196  QAU55049.1       15.42%    passed     76.74%
 197  ABB17955.1       15.42%    passed     99.83%
 198  CBI12485.1       15.42%    passed     98.50%
 199  AAU06843.1       14.23%    passed     99.95%
 200  ABN41777.1       15.02%    passed    100.00%
 201  BAC20344.1       15.02%    passed     99.98%
 202  ABB17960.1       15.02%    passed     99.99%
 203  4OY4_A           35.97%    passed     63.88%
 204  4R6B_A           15.02%    passed     99.90%
 205  5OQ9_A           15.81%    passed     99.97%
 206  6YLS_A           15.42%    passed     99.91%
 207  6GOY_A           15.02%    passed     98.13%
 208  ABB17959.1       15.02%    passed     99.81%
 209  XP_020627712.1   30.43%    passed     90.91%
 210  ACV52378.1       15.02%    passed     99.94%
 211  XP_020630220.1   17.79%    passed     99.94%
 212  XP_020630195.1   58.10%    passed     99.94%
 213  ACD13195.1       15.02%    passed     86.80%
 214  4JC2_A           16.21%    passed     99.38%
 215  ABB17956.1       15.42%    passed     99.89%
 216  ACD13194.1       14.62%    passed     80.90%
 217  ABB17969.1       15.02%    passed     98.27%
 218  XP_020630180.1   33.20%    passed     81.46%
 219  6WZN_A           15.42%    passed     84.86%
 220  3ADF_A           15.42%    passed     98.58%
 221  BAD52001.1       15.42%    passed     96.99%
 222  6CIU_A           15.42%    passed     98.40%
 223  ACV52374.1       15.42%    passed     97.46%
 224  AAU04448.1       15.02%    passed     96.83%
 225  AAK62982.2       15.02%    passed     99.92%
 226  ABS87210.1       15.42%    passed     99.84%
 227  ABS87215.1       15.02%    passed     99.25%
 228  AAO61598.1       15.02%    passed     99.37%
 229  ABS87209.1       15.02%    passed     98.92%
 230  ACV52376.1       15.42%    passed     99.12%
 231  ABC68475.1       15.02%    passed     99.72%
 232  ACV52377.1       17.79%    passed     99.93%
 233  ACV52373.1       17.79%    passed     99.93%
 234  ACV52375.1       16.60%    passed     99.98%
 235  ABS87206.1       15.02%    passed     98.79%
 236  ABS87207.1       15.42%    passed     99.81%
 237  ABS87213.1       15.42%    passed     99.83%
 238  ABS87211.1       15.42%    passed     99.65%
 239  AAK97633.1       16.21%    passed     94.50%
 240  AAK71334.1       15.81%    passed     92.47%
 241  AAO61600.1       14.62%    passed     87.23%
 242  AAK83923.1       15.42%    passed     99.20%
 243  ABS87208.1       15.42%    passed     97.60%
 244  AAU04447.1       15.42%    passed     96.55%
 245  ABS87214.1       15.42%    passed     98.21%
 246  BBI37508.1       15.42%    passed     99.66%
 247  ACD13193.1       15.42%    passed     99.19%
 248  ABB17968.1       15.42%    passed     99.76%
 249  XP_020605513.1   15.42%    passed     99.82%
 250  BAD95669.1       15.42%    passed     99.98%
 251  BAD95670.1       15.42%    passed     99.94%
 252  AAK71332.1       16.21%    passed     99.27%
 253  XP_020605521.1   15.42%    passed     98.64%
 254  XP_020605512.1   15.42%    passed     99.46%
 255  XP_020623141.1   15.81%    passed     97.18%
 256  ABB17971.1       14.62%    passed     75.68%
 257  XP_027058888.1   14.62%    passed     81.20%
 258  RMX56440.1       14.62%    passed     53.92%
 259  ABB17954.1       14.23%    passed     88.65%
 260  ABB17965.1       15.42%    passed     91.17%
 261  BAS22116.1       14.23%    passed     62.67%
 262  ACD03133.1       13.44%    passed     49.35%
 263  AAO49327.1       13.44%    passed     90.05%
 264  ACD03134.1       13.04%    passed     87.25%
 265  ABB17952.1       13.04%    passed     97.40%
 266  ABB17966.1       13.04%    passed     99.77%
 267  BBV24623.1       25.30%    passed     59.23%
 268  XP_029183020.1   13.44%    passed     92.71%
 269  AAT77753.1       13.04%    passed     99.34%
 270  BBC21273.1       13.04%    passed     98.67%
 271  BAM08939.1       13.44%    passed     76.34%
 272  BBC21271.1       13.44%    passed     93.45%
 273  6AA7_A           13.83%    passed     87.46%
 274  BAX00654.1       12.65%    passed     88.50%
 275  XP_015770397.1   13.04%    passed     98.89%
 276  BBV24634.1       13.04%    passed     98.06%
 277  5Y8Q_A           14.62%    passed     82.19%
 278  QCH40646.1       13.04%    passed     88.63%
 279  AAO00733.1       17.00%    passed     67.10%
 280  ABB17970.1       14.23%    passed     94.17%
 281  2ZO6_A           14.62%    passed     98.10%
 282  2ZO7_A           17.00%    passed     99.11%
 283  ABB17957.1       15.42%    passed     99.45%
 284  BAD24721.1       16.21%    passed     93.25%
 285  BAF76140.1       15.81%    passed     92.22%
 286  2ZMU_A           17.39%    passed     89.53%
 287  ABB17958.1       15.81%    passed     74.15%
 288  AAS18272.1       15.81%    passed     99.73%
 289  AAS18270.1       13.83%    passed     99.82%
 290  AAS18271.1       15.02%    passed     99.48%
 291  AAZ67343.1       15.81%    passed     40.87%
 292  ABI58282.1       15.42%    passed     81.80%
 293  AAZ14788.1       15.81%    passed     99.96%
 294  AAZ14787.1       13.44%    passed     96.78%
 295  AAZ67342.1       15.42%    passed     98.21%
 296  AAZ14789.1       15.81%    passed     91.89%
 297  XP_022810129.1   50.59%    passed      5.15%
 298  XP_029213387.1   13.83%    passed     99.51%
 299  BBV24638.1       54.15%    passed     83.20%
 300  BBV24635.1       17.00%    passed     88.00%
 301  XP_029213384.1   13.83%    passed     99.50%
 302  XP_015751145.1   13.83%    passed     95.93%
 303  XP_015751143.1   13.83%    passed     97.25%
 304  BBC21270.1       13.83%    passed     99.39%
 305  BAM08940.1       17.39%    passed     99.47%
 306  XP_029213361.1   13.83%    passed     99.85%
 307  XP_015751140.1   13.83%    passed     99.14%
 308  XP_015751139.1   13.83%    passed     99.49%
 309  BAX00690.1       13.83%    passed     99.95%
 310  BAX00658.1       13.83%    passed     99.33%
 311  BAX00792.1       13.83%    passed     99.53%
 312  ABB17972.1       13.83%    passed     99.69%
 313  AAU06847.1       13.83%    passed     99.05%
 314  XP_029213356.1   13.83%    passed     99.03%
 315  XP_029213359.1   13.83%    passed     98.90%
 316  XP_029213360.1   14.23%    passed     99.68%
 317  ABB17973.1       13.83%    passed     99.76%
 318  XP_029213358.1   13.83%    passed     98.74%
 319  XP_029213355.1   13.83%    passed     99.21%
 320  BAX00691.1       13.83%    passed    100.00%
 321  XP_015751142.1   13.83%    passed     99.81%
 322  XP_029181744.1   45.06%    passed     95.66%
 323  ACH89427.1       13.44%    passed     99.24%
 324  BAX00790.1       13.83%    passed     99.76%
 325  ACH89426.1       13.83%    passed     99.92%
 326  FAA00738.1       23.72%    passed     97.31%
 327  XP_029181745.1   47.04%    passed     98.13%
 328  BAD24723.1       13.44%    passed     98.90%
 329  RMX59761.1       36.36%    passed     94.15%
 330  XP_022807489.1   47.04%    passed     30.01%
 331  XP_022807490.1   18.58%    passed     86.20%
 332  XP_027044182.1   30.83%    passed     61.36%
 333  XP_027050944.1   15.42%    passed     99.12%
 334  XP_027044184.1   15.42%    passed     99.54%
 335  XP_027047232.1   54.15%    passed     79.47%
 336  PFX16305.1       29.64%    passed     70.13%
 337  XP_027047229.1   14.23%    passed     96.81%
 338  2A47_A           15.42%    passed     55.93%
 339  ABB17963.1       14.62%    passed     72.64%
WARNING: 6 sequences contain more than 50% gaps/ambiguity
****  TOTAL            16.39%  4 sequences failed composition chi2 test (p-value<5%; df=19)


Create initial parsimony tree by phylogenetic likelihood library (PLL)... 0.155 seconds
NOTE: ModelFinder requires 142 MB RAM!
ModelFinder will test 546 protein models (sample size: 253) ...
 No. Model         -LnL         df  AIC          AICc         BIC
  1  Dayhoff       46179.710    675 93709.421    1006309.421  96094.459
  2  Dayhoff+I     46155.512    676 93663.025    1008967.025  96051.596
  3  Dayhoff+G4    45043.297    676 91438.593    1006742.593  93827.165
  4  Dayhoff+I+G4  45038.889    677 91431.778    1009443.778  93823.883
  5  Dayhoff+R2    45263.856    677 91881.711    1009893.711  94273.816
  6  Dayhoff+R3    45079.184    679 91516.368    1014956.368  93915.540
  7  Dayhoff+R4    45015.300    681 91392.601    1020276.601  93798.839
  8  Dayhoff+R5    44992.096    683 91350.192    1025694.192  93763.497
  9  Dayhoff+R6    44976.258    685 91322.516    1031142.516  93742.888
 10  Dayhoff+R7    44975.086    687 91324.171    1036636.171  93751.610
 14  Dayhoff+F     46046.363    694 93480.726    1058140.726  95932.898
 15  Dayhoff+F+I   46027.227    695 93444.455    1060884.455  95900.160
 16  Dayhoff+F+G4  44923.878    695 91237.755    1058677.755  93693.461
 17  Dayhoff+F+I+G4 44921.461    696 91234.922    1061458.922  93694.161
 18  Dayhoff+F+R2  45141.455    696 91674.911    1061898.911  94134.150
 19  Dayhoff+F+R3  44960.977    698 91317.954    1067121.954  93784.260
 20  Dayhoff+F+R4  44898.602    700 91197.203    1072597.203  93670.576
 21  Dayhoff+F+R5  44882.404    702 91168.807    1078180.807  93649.247
 22  Dayhoff+F+R6  44862.320    704 91132.641    1083772.641  93620.147
 23  Dayhoff+F+R7  44860.136    706 91132.271    1089416.271  93626.844
 27  mtMAM         50840.900    675 103031.801   1015631.801  105416.839
 28  mtMAM+I       50836.376    676 103024.752   1018328.752  105413.323
 29  mtMAM+G4      48495.182    676 98342.365    1013646.365  100730.936
 30  mtMAM+I+G4    48495.186    677 98344.373    1016356.373  100736.478
 31  mtMAM+R2      49013.446    677 99380.892    1017392.892  101772.997
 32  mtMAM+R3      48697.591    679 98753.182    1022193.182  101152.354
 33  mtMAM+R4      48550.050    681 98462.100    1027346.100  100868.338
 34  mtMAM+R5      48450.390    683 98266.780    1032610.780  100680.085
 35  mtMAM+R6      48415.030    685 98200.059    1038020.059  100620.431
 36  mtMAM+R7      48408.639    687 98191.277    1043503.277  100618.716
 37  mtMAM+R8      48405.017    689 98188.035    1049008.035  100622.540
 40  mtMAM+F       48667.032    694 98722.064    1063382.064  101174.236
 41  mtMAM+F+I     48661.958    695 98713.917    1066153.917  101169.623
 42  mtMAM+F+G4    46965.126    695 95320.251    1062760.251  97775.957
 43  mtMAM+F+I+G4  46965.125    696 95322.250    1065546.250  97781.489
 44  mtMAM+F+R2    47379.653    696 96151.306    1066375.306  98610.546
 45  mtMAM+F+R3    47074.701    698 95545.403    1071349.403  98011.709
 46  mtMAM+F+R4    46953.564    700 95307.129    1076707.129  97780.501
 47  mtMAM+F+R5    46931.813    702 95267.626    1082279.626  97748.065
 48  mtMAM+F+R6    46904.315    704 95216.629    1087856.629  97704.136
 49  mtMAM+F+R7    46896.833    706 95205.666    1093489.666  97700.239
 50  mtMAM+F+R8    46891.056    708 95198.112    1099142.112  97699.752
 51  mtMAM+F+R9    46889.671    710 95199.343    1104819.343  97708.049
 53  JTT           45472.414    675 92294.827    1004894.827  94679.865
 54  JTT+I         45448.081    676 92248.163    1007552.163  94636.734
 55  JTT+G4        44392.032    676 90136.063    1005440.063  92524.634
 56  JTT+I+G4      44387.670    677 90129.341    1008141.341  92521.446
 57  JTT+R2        44610.460    677 90574.920    1008586.920  92967.025
 58  JTT+R3        44421.849    679 90201.699    1013641.699  92600.870
 59  JTT+R4        44364.137    681 90090.273    1018974.273  92496.512
 60  JTT+R5        44346.173    683 90058.346    1024402.346  92471.651
 61  JTT+R6        44339.413    685 90048.827    1029868.827  92469.199
 62  JTT+R7        44337.540    687 90049.080    1035361.080  92476.518
 66  JTT+F         45290.711    694 91969.423    1056629.423  94421.595
 67  JTT+F+I       45270.129    695 91930.257    1059370.257  94385.963
 68  JTT+F+G4      44234.828    695 89859.657    1057299.657  92315.362
 69  JTT+F+I+G4    44231.471    696 89854.943    1060078.943  92314.182
 70  JTT+F+R2      44444.542    696 90281.083    1060505.083  92740.322
 71  JTT+F+R3      44269.331    698 89934.662    1065738.662  92400.968
 72  JTT+F+R4      44208.483    700 89816.966    1071216.966  92290.339
 73  JTT+F+R5      44188.646    702 89781.293    1076793.293  92261.732
 74  JTT+F+R6      44182.839    704 89773.677    1082413.677  92261.183
 75  JTT+F+R7      44179.939    706 89771.879    1088055.879  92266.452
 79  WAG           45105.002    675 91560.004    1004160.004  93945.042
 80  WAG+I         45088.580    676 91529.159    1006833.159  93917.730
 81  WAG+G4        44159.440    676 89670.880    1004974.880  92059.452
 82  WAG+I+G4      44157.073    677 89668.146    1007680.146  92060.251
 83  WAG+R2        44330.195    677 90014.391    1008026.391  92406.495
 84  WAG+R3        44171.264    679 89700.528    1013140.528  92099.699
 85  WAG+R4        44132.930    681 89627.860    1018511.860  92034.098
 86  WAG+R5        44100.920    683 89567.841    1023911.841  91981.146
 87  WAG+R6        44095.101    685 89560.203    1029380.203  91980.574
 88  WAG+R7        44094.203    687 89562.407    1034874.407  91989.845
 92  WAG+F         45003.334    694 91394.669    1056054.669  93846.841
 93  WAG+F+I       44990.032    695 91370.064    1058810.064  93825.770
 94  WAG+F+G4      44053.607    695 89497.215    1056937.215  91952.920
 95  WAG+F+I+G4    44051.943    696 89495.886    1059719.886  91955.125
 96  WAG+F+R2      44229.143    696 89850.286    1060074.286  92309.525
 97  WAG+F+R3      44071.293    698 89538.585    1065342.585  92004.891
 98  WAG+F+R4      44027.797    700 89455.595    1070855.595  91928.967
 99  WAG+F+R5      43998.534    702 89401.069    1076413.069  91881.508
100  WAG+F+R6      43991.580    704 89391.161    1082031.161  91878.667
101  WAG+F+R7      43990.838    706 89393.676    1087677.676  91888.249
105  cpREV         45584.748    675 92519.495    1005119.495  94904.533
106  cpREV+I       45572.314    676 92496.627    1007800.627  94885.199
107  cpREV+G4      44652.803    676 90657.605    1005961.605  93046.177
108  cpREV+I+G4    44651.792    677 90657.585    1008669.585  93049.689
109  cpREV+R2      44871.760    677 91097.521    1009109.521  93489.625
110  cpREV+R3      44667.814    679 90693.628    1014133.628  93092.800
111  cpREV+R4      44633.654    681 90629.307    1019513.307  93035.545
112  cpREV+R5      44597.106    683 90560.213    1024904.213  92973.518
113  cpREV+R6      44592.645    685 90555.291    1030375.291  92975.662
118  cpREV+F       45392.295    694 92172.590    1056832.590  94624.762
119  cpREV+F+I     45380.683    695 92151.365    1059591.365  94607.071
120  cpREV+F+G4    44448.257    695 90286.515    1057726.515  92742.220
121  cpREV+F+I+G4  44447.108    696 90286.217    1060510.217  92745.456
122  cpREV+F+R2    44667.056    696 90726.113    1060950.113  93185.352
123  cpREV+F+R3    44471.955    698 90339.909    1066143.909  92806.215
124  cpREV+F+R4    44415.147    700 90230.294    1071630.294  92703.666
125  cpREV+F+R5    44384.600    702 90173.200    1077185.200  92653.639
126  cpREV+F+R6    44382.090    704 90172.180    1082812.180  92659.687
131  mtREV         48207.171    675 97764.343    1010364.343  100149.381
132  mtREV+I       48200.656    676 97753.312    1013057.312  100141.884
133  mtREV+G4      46679.235    676 94710.471    1010014.471  97099.042
134  mtREV+I+G4    46679.271    677 94712.542    1012724.542  97104.646
135  mtREV+R2      47034.375    677 95422.750    1013434.750  97814.854
136  mtREV+R3      46771.331    679 94900.663    1018340.663  97299.834
137  mtREV+R4      46666.455    681 94694.909    1023578.909  97101.147
138  mtREV+R5      46637.683    683 94641.366    1028985.366  97054.671
139  mtREV+R6      46635.823    685 94641.647    1034461.647  97062.019
144  mtREV+F       46384.999    694 94157.999    1058817.999  96610.171
145  mtREV+F+I     46378.805    695 94147.609    1061587.609  96603.315
146  mtREV+F+G4    45238.239    695 91866.478    1059306.478  94322.184
147  mtREV+F+I+G4  45238.149    696 91868.298    1062092.298  94327.538
148  mtREV+F+R2    45493.204    696 92378.408    1062602.408  94837.648
149  mtREV+F+R3    45288.218    698 91972.437    1067776.437  94438.743
150  mtREV+F+R4    45216.164    700 91832.328    1073232.328  94305.701
151  mtREV+F+R5    45197.865    702 91799.730    1078811.730  94280.170
152  mtREV+F+R6    45191.970    704 91791.941    1084431.941  94279.447
153  mtREV+F+R7    45186.153    706 91784.306    1090068.306  94278.879
154  mtREV+F+R8    45179.753    708 91775.506    1095719.506  94277.145
155  mtREV+F+R9    45178.549    710 91777.099    1101397.099  94285.805
157  rtREV         45996.420    675 93342.840    1005942.840  95727.878
158  rtREV+I       45983.296    676 93318.592    1008622.592  95707.163
159  rtREV+G4      44905.536    676 91163.072    1006467.072  93551.643
160  rtREV+I+G4    44904.429    677 91162.858    1009174.858  93554.962
161  rtREV+R2      45144.006    677 91642.013    1009654.013  94034.117
162  rtREV+R3      44947.659    679 91253.319    1014693.319  93652.490
163  rtREV+R4      44882.126    681 91126.252    1020010.252  93532.490
164  rtREV+R5      44862.872    683 91091.744    1025435.744  93505.049
165  rtREV+R6      44856.730    685 91083.460    1030903.460  93503.832
166  rtREV+R7      44851.815    687 91077.631    1036389.631  93505.069
170  rtREV+F       45716.508    694 92821.016    1057481.016  95273.188
171  rtREV+F+I     45703.418    695 92796.836    1060236.836  95252.542
172  rtREV+F+G4    44590.116    695 90570.232    1058010.232  93025.938
173  rtREV+F+I+G4  44588.867    696 90569.733    1060793.733  93028.972
174  rtREV+F+R2    44816.478    696 91024.956    1061248.956  93484.195
175  rtREV+F+R3    44629.325    698 90654.651    1066458.651  93120.956
176  rtREV+F+R4    44566.548    700 90533.096    1071933.096  93006.469
177  rtREV+F+R5    44545.733    702 90495.465    1077507.465  92975.905
178  rtREV+F+R6    44539.972    704 90487.943    1083127.943  92975.449
179  rtREV+F+R7    44532.580    706 90477.161    1088761.161  92971.734
180  rtREV+F+R8    44525.589    708 90467.178    1094411.178  92968.817
181  rtREV+F+R9    44524.682    710 90469.363    1100089.363  92978.070
183  mtART         50352.004    675 102054.009   1014654.009  104439.047
184  mtART+I       50336.112    676 102024.223   1017328.223  104412.795
185  mtART+G4      47956.502    676 97265.003    1012569.003  99653.575
186  mtART+I+G4    47956.488    677 97266.975    1015278.975  99659.080
187  mtART+R2      48505.195    677 98364.391    1016376.391  100756.495
188  mtART+R3      48205.471    679 97768.942    1021208.942  100168.114
189  mtART+R4      48036.905    681 97435.809    1026319.809  99842.048
190  mtART+R5      47948.093    683 97262.186    1031606.186  99675.491
191  mtART+R6      47936.606    685 97243.213    1037063.213  99663.584
192  mtART+R7      47906.211    687 97186.423    1042498.423  99613.861
193  mtART+R8      47876.875    689 97131.750    1047951.750  99566.255
194  mtART+R9      47871.506    691 97125.013    1053469.013  99566.585
196  mtART+F       47984.719    694 97357.438    1062017.438  99809.611
197  mtART+F+I     47973.186    695 97336.373    1064776.373  99792.078
198  mtART+F+G4    46282.156    695 93954.312    1061394.312  96410.017
199  mtART+F+I+G4  46282.035    696 93956.070    1064180.070  96415.309
200  mtART+F+R2    46705.999    696 94803.998    1065027.998  97263.237
201  mtART+F+R3    46408.153    698 94212.306    1070016.306  96678.612
202  mtART+F+R4    46289.014    700 93978.028    1075378.028  96451.401
203  mtART+F+R5    46248.176    702 93900.353    1080912.353  96380.792
204  mtART+F+R6    46243.165    704 93894.329    1086534.329  96381.836
209  mtZOA         48601.156    675 98552.313    1011152.313  100937.350
210  mtZOA+I       48580.306    676 98512.611    1013816.611  100901.183
211  mtZOA+G4      46613.472    676 94578.945    1009882.945  96967.516
212  mtZOA+I+G4    46612.526    677 94579.052    1012591.052  96971.157
213  mtZOA+R2      47065.201    677 95484.402    1013496.402  97876.507
214  mtZOA+R3      46754.749    679 94867.497    1018307.497  97266.669
215  mtZOA+R4      46644.862    681 94651.724    1023535.724  97057.962
216  mtZOA+R5      46580.287    683 94526.573    1028870.573  96939.878
217  mtZOA+R6      46573.242    685 94516.485    1034336.485  96936.857
218  mtZOA+R7      46555.963    687 94485.925    1039797.925  96913.364
219  mtZOA+R8      46540.563    689 94459.126    1045279.126  96893.631
220  mtZOA+R9      46538.147    691 94458.294    1050802.294  96899.866
222  mtZOA+F       46723.122    694 94834.243    1059494.243  97286.416
223  mtZOA+F+I     46707.867    695 94805.735    1062245.735  97261.441
224  mtZOA+F+G4    45365.032    695 92120.063    1059560.063  94575.769
225  mtZOA+F+I+G4  45362.871    696 92117.741    1062341.741  94576.980
226  mtZOA+F+R2    45705.102    696 92802.205    1063026.205  95261.444
227  mtZOA+F+R3    45419.795    698 92235.590    1068039.590  94701.896
228  mtZOA+F+R4    45350.497    700 92100.995    1073500.995  94574.367
229  mtZOA+F+R5    45319.411    702 92042.823    1079054.823  94523.262
230  mtZOA+F+R6    45314.636    704 92037.272    1084677.272  94524.778
235  VT            45184.691    675 91719.382    1004319.382  94104.420
236  VT+I          45163.906    676 91679.813    1006983.813  94068.384
237  VT+G4         44228.337    676 89808.673    1005112.673  92197.245
238  VT+I+G4       44224.769    677 89803.538    1007815.538  92195.643
239  VT+R2         44412.382    677 90178.764    1008190.764  92570.869
240  VT+R3         44242.332    679 89842.664    1013282.664  92241.836
241  VT+R4         44203.491    681 89768.983    1018652.983  92175.221
242  VT+R5         44179.341    683 89724.681    1024068.681  92137.986
243  VT+R6         44174.004    685 89718.009    1029538.009  92138.381
248  VT+F          45041.619    694 91471.238    1056131.238  93923.411
249  VT+F+I        45023.777    695 91437.555    1058877.555  93893.260
250  VT+F+G4       44097.742    695 89585.483    1057025.483  92041.189
251  VT+F+I+G4     44094.781    696 89581.562    1059805.562  92040.801
252  VT+F+R2       44274.470    696 89940.939    1060164.939  92400.178
253  VT+F+R3       44115.694    698 89627.387    1065431.387  92093.693
254  VT+F+R4       44071.720    700 89543.441    1070943.441  92016.814
255  VT+F+R5       44047.153    702 89498.307    1076510.307  91978.746
256  VT+F+R6       44041.777    704 89491.554    1082131.554  91979.061
261  LG            45530.800    675 92411.599    1005011.599  94796.637
262  LG+I          45512.749    676 92377.498    1007681.498  94766.069
263  LG+G4         44438.483    676 90228.965    1005532.965  92617.537
264  LG+I+G4       44435.897    677 90225.795    1008237.795  92617.899
265  LG+R2         44680.190    677 90714.380    1008726.380  93106.485
266  LG+R3         44473.099    679 90304.197    1013744.197  92703.369
267  LG+R4         44411.196    681 90184.391    1019068.391  92590.629
268  LG+R5         44389.230    683 90144.460    1024488.460  92557.765
269  LG+R6         44382.673    685 90135.347    1029955.347  92555.718
270  LG+R7         44382.617    687 90139.234    1035451.234  92566.673
274  LG+F          45317.543    694 92023.087    1056683.087  94475.259
275  LG+F+I        45302.974    695 91995.948    1059435.948  94451.653
276  LG+F+G4       44231.897    695 89853.793    1057293.793  92309.499
277  LG+F+I+G4     44230.127    696 89852.254    1060076.254  92311.493
278  LG+F+R2       44456.072    696 90304.144    1060528.144  92763.383
279  LG+F+R3       44269.088    698 89934.176    1065738.176  92400.482
280  LG+F+R4       44209.722    700 89819.444    1071219.444  92292.817
281  LG+F+R5       44186.199    702 89776.398    1076788.398  92256.838
282  LG+F+R6       44177.756    704 89763.513    1082403.513  92251.019
283  LG+F+R7       44177.752    706 89767.504    1088051.504  92262.077
287  DCMut         46175.888    675 93701.777    1006301.777  96086.814
288  DCMut+I       46151.635    676 93655.269    1008959.269  96043.841
289  DCMut+G4      45041.717    676 91435.433    1006739.433  93824.005
290  DCMut+I+G4    45037.210    677 91428.421    1009440.421  93820.525
291  DCMut+R2      45261.822    677 91877.643    1009889.643  94269.748
292  DCMut+R3      45077.482    679 91512.963    1014952.963  93912.135
293  DCMut+R4      45014.576    681 91391.153    1020275.153  93797.391
294  DCMut+R5      44994.065    683 91354.129    1025698.129  93767.434
295  DCMut+R6      44982.382    685 91334.764    1031154.764  93755.135
296  DCMut+R7      44982.380    687 91338.760    1036650.760  93766.198
300  DCMut+F       46043.598    694 93475.195    1058135.195  95927.367
301  DCMut+F+I     46024.390    695 93438.780    1060878.780  95894.486
302  DCMut+F+G4    44923.277    695 91236.555    1058676.555  93692.260
303  DCMut+F+I+G4  44920.824    696 91233.647    1061457.647  93692.886
304  DCMut+F+R2    45140.196    696 91672.393    1061896.393  94131.632
305  DCMut+F+R3    44959.798    698 91315.596    1067119.596  93781.901
306  DCMut+F+R4    44898.546    700 91197.091    1072597.091  93670.464
307  DCMut+F+R5    44875.394    702 91154.788    1078166.788  93635.227
308  DCMut+F+R6    44868.187    704 91144.373    1083784.373  93631.880
309  DCMut+F+R7    44868.169    706 91148.338    1089432.338  93642.911
313  PMB           45529.927    675 92409.854    1005009.854  94794.892
314  PMB+I         45511.660    676 92375.320    1007679.320  94763.891
315  PMB+G4        44507.556    676 90367.112    1005671.112  92755.683
316  PMB+I+G4      44505.411    677 90364.821    1008376.821  92756.926
317  PMB+R2        44712.758    677 90779.516    1008791.516  93171.621
318  PMB+R3        44527.901    679 90413.801    1013853.801  92812.972
319  PMB+R4        44487.198    681 90336.395    1019220.395  92742.634
320  PMB+R5        44462.829    683 90291.657    1024635.657  92704.962
321  PMB+R6        44456.625    685 90283.249    1030103.249  92703.621
322  PMB+R7        44456.510    687 90287.019    1035599.019  92714.458
326  PMB+F         45453.773    694 92295.546    1056955.546  94747.719
327  PMB+F+I       45436.990    695 92263.980    1059703.980  94719.685
328  PMB+F+G4      44460.657    695 90311.313    1057751.313  92767.019
329  PMB+F+I+G4    44458.692    696 90309.384    1060533.384  92768.623
330  PMB+F+R2      44647.558    696 90687.116    1060911.116  93146.355
331  PMB+F+R3      44481.036    698 90358.072    1066162.072  92824.378
332  PMB+F+R4      44436.607    700 90273.215    1071673.215  92746.587
333  PMB+F+R5      44412.055    702 90228.110    1077240.110  92708.549
334  PMB+F+R6      44405.490    704 90218.980    1082858.980  92706.486
335  PMB+F+R7      44405.431    706 90222.862    1088506.862  92717.435
339  HIVb          46961.031    675 95272.062    1007872.062  97657.100
340  HIVb+I        46936.100    676 95224.201    1010528.201  97612.772
341  HIVb+G4       45657.061    676 92666.121    1007970.121  95054.692
342  HIVb+I+G4     45652.834    677 92659.668    1010671.668  95051.773
343  HIVb+R2       45974.448    677 93302.896    1011314.896  95695.001
344  HIVb+R3       45719.225    679 92796.451    1016236.451  95195.622
345  HIVb+R4       45635.959    681 92633.917    1021517.917  95040.156
346  HIVb+R5       45616.338    683 92598.676    1026942.676  95011.981
347  HIVb+R6       45603.338    685 92576.676    1032396.676  94997.048
348  HIVb+R7       45603.103    687 92580.206    1037892.206  95007.644
352  HIVb+F        46733.315    694 94854.630    1059514.630  97306.802
353  HIVb+F+I      46711.214    695 94812.428    1062252.428  97268.134
354  HIVb+F+G4     45443.172    695 92276.344    1059716.344  94732.050
355  HIVb+F+I+G4   45439.978    696 92271.957    1062495.957  94731.196
356  HIVb+F+R2     45761.934    696 92915.867    1063139.867  95375.106
357  HIVb+F+R3     45503.743    698 92403.486    1068207.486  94869.792
358  HIVb+F+R4     45424.131    700 92248.262    1073648.262  94721.635
359  HIVb+F+R5     45398.425    702 92200.851    1079212.851  94681.290
360  HIVb+F+R6     45385.288    704 92178.575    1084818.575  94666.081
361  HIVb+F+R7     45385.091    706 92182.182    1090466.182  94676.755
365  HIVw          48458.405    675 98266.809    1010866.809  100651.847
366  HIVw+I        48424.779    676 98201.559    1013505.559  100590.130
367  HIVw+G4       47185.994    676 95723.989    1011027.989  98112.560
368  HIVw+I+G4     47178.511    677 95711.022    1013723.022  98103.127
369  HIVw+R2       47498.971    677 96351.942    1014363.942  98744.047
370  HIVw+R3       47232.482    679 95822.963    1019262.963  98222.135
371  HIVw+R4       47160.570    681 95683.140    1024567.140  98089.379
372  HIVw+R5       47139.089    683 95644.178    1029988.178  98057.483
373  HIVw+R6       47128.205    685 95626.410    1035446.410  98046.782
374  HIVw+R7       47128.026    687 95630.052    1040942.052  98057.491
378  HIVw+F        48077.544    694 97543.088    1062203.088  99995.261
379  HIVw+F+I      48041.846    695 97473.692    1064913.692  99929.397
380  HIVw+F+G4     46752.938    695 94895.876    1062335.876  97351.582
381  HIVw+F+I+G4   46745.721    696 94883.441    1065107.441  97342.680
382  HIVw+F+R2     47063.449    696 95518.897    1065742.897  97978.136
383  HIVw+F+R3     46803.799    698 95003.598    1070807.598  97469.904
384  HIVw+F+R4     46731.284    700 94862.567    1076262.567  97335.940
385  HIVw+F+R5     46706.193    702 94816.386    1081828.386  97296.825
386  HIVw+F+R6     46696.058    704 94800.116    1087440.116  97287.622
387  HIVw+F+R7     46695.886    706 94803.773    1093087.773  97298.346
391  JTTDCMut      45463.758    675 92277.516    1004877.516  94662.554
392  JTTDCMut+I    45440.573    676 92233.147    1007537.147  94621.718
393  JTTDCMut+G4   44393.326    676 90138.652    1005442.652  92527.223
394  JTTDCMut+I+G4 44389.290    677 90132.579    1008144.579  92524.684
395  JTTDCMut+R2   44609.670    677 90573.341    1008585.341  92965.445
396  JTTDCMut+R3   44424.036    679 90206.072    1013646.072  92605.244
397  JTTDCMut+R4   44365.739    681 90093.478    1018977.478  92499.716
398  JTTDCMut+R5   44347.497    683 90060.995    1024404.995  92474.300
399  JTTDCMut+R6   44341.338    685 90052.677    1029872.677  92473.049
400  JTTDCMut+R7   44341.307    687 90056.615    1035368.615  92484.053
404  JTTDCMut+F    45289.643    694 91967.286    1056627.286  94419.458
405  JTTDCMut+F+I  45270.068    695 91930.135    1059370.135  94385.841
406  JTTDCMut+F+G4 44239.193    695 89868.386    1057308.386  92324.092
407  JTTDCMut+F+I+G4 44236.141    696 89864.283    1060088.283  92323.522
408  JTTDCMut+F+R2 44449.072    696 90290.145    1060514.145  92749.384
409  JTTDCMut+F+R3 44274.828    698 89945.655    1065749.655  92411.961
410  JTTDCMut+F+R4 44213.308    700 89826.617    1071226.617  92299.989
411  JTTDCMut+F+R5 44193.567    702 89791.134    1076803.134  92271.574
412  JTTDCMut+F+R6 44188.289    704 89784.579    1082424.579  92272.085
417  FLU           46613.253    675 94576.505    1007176.505  96961.543
418  FLU+I         46593.358    676 94538.716    1009842.716  96927.288
419  FLU+G4        45435.409    676 92222.819    1007526.819  94611.390
420  FLU+I+G4      45432.842    677 92219.685    1010231.685  94611.789
421  FLU+R2        45723.338    677 92800.675    1010812.675  95192.780
422  FLU+R3        45458.377    679 92274.755    1015714.755  94673.926
423  FLU+R4        45405.537    681 92173.074    1021057.074  94579.312
424  FLU+R5        45378.357    683 92122.713    1026466.713  94536.018
425  FLU+R6        45371.411    685 92112.823    1031932.823  94533.194
426  FLU+R7        45371.149    687 92116.299    1037428.299  94543.737
430  FLU+F         46514.849    694 94417.699    1059077.699  96869.871
431  FLU+F+I       46496.626    695 94383.253    1061823.253  96838.959
432  FLU+F+G4      45321.814    695 92033.628    1059473.628  94489.333
433  FLU+F+I+G4    45320.029    696 92032.058    1062256.058  94491.297
434  FLU+F+R2      45613.950    696 92619.901    1062843.901  95079.140
435  FLU+F+R3      45356.373    698 92108.747    1067912.747  94575.053
436  FLU+F+R4      45303.142    700 92006.284    1073406.284  94479.656
437  FLU+F+R5      45266.641    702 91937.282    1078949.282  94417.721
438  FLU+F+R6      45258.088    704 91924.176    1084564.176  94411.682
439  FLU+F+R7      45257.892    706 91927.784    1090211.784  94422.357
443  Blosum62      45496.660    675 92343.320    1004943.320  94728.357
444  Blosum62+I    45478.288    676 92308.576    1007612.576  94697.148
445  Blosum62+G4   44514.087    676 90380.175    1005684.175  92768.746
446  Blosum62+I+G4 44511.479    677 90376.957    1008388.957  92769.062
447  Blosum62+R2   44710.265    677 90774.529    1008786.529  93166.634
448  Blosum62+R3   44534.635    679 90427.269    1013867.269  92826.441
449  Blosum62+R4   44491.813    681 90345.626    1019229.626  92751.864
450  Blosum62+R5   44467.241    683 90300.483    1024644.483  92713.788
451  Blosum62+R6   44459.874    685 90289.747    1030109.747  92710.119
452  Blosum62+R7   44459.743    687 90293.487    1035605.487  92720.925
456  Blosum62+F    45453.751    694 92295.502    1056955.502  94747.674
457  Blosum62+F+I  45436.757    695 92263.513    1059703.513  94719.219
458  Blosum62+F+G4 44491.673    695 90373.346    1057813.346  92829.052
459  Blosum62+F+I+G4 44489.220    696 90370.439    1060594.439  92829.678
460  Blosum62+F+R2 44667.999    696 90727.997    1060951.997  93187.236
461  Blosum62+F+R3 44515.470    698 90426.941    1066230.941  92893.247
462  Blosum62+F+R4 44468.633    700 90337.265    1071737.265  92810.638
463  Blosum62+F+R5 44443.821    702 90291.642    1077303.642  92772.082
464  Blosum62+F+R6 44435.121    704 90278.242    1082918.242  92765.748
465  Blosum62+F+R7 44435.106    706 90282.211    1088566.211  92776.784
469  mtMet         48221.298    675 97792.595    1010392.595  100177.633
470  mtMet+I       48202.170    676 97756.339    1013060.339  100144.910
471  mtMet+G4      46532.034    676 94416.068    1009720.068  96804.639
472  mtMet+I+G4    46530.869    677 94415.737    1012427.737  96807.842
473  mtMet+R2      46914.186    677 95182.372    1013194.372  97574.476
474  mtMet+R3      46608.945    679 94575.891    1018015.891  96975.062
475  mtMet+R4      46540.337    681 94442.673    1023326.673  96848.911
476  mtMet+R5      46484.879    683 94335.759    1028679.759  96749.064
477  mtMet+R6      46480.456    685 94330.912    1034150.912  96751.284
482  mtMet+F       46402.693    694 94193.386    1058853.386  96645.558
483  mtMet+F+I     46383.834    695 94157.668    1061597.668  96613.373
484  mtMet+F+G4    45139.454    695 91668.908    1059108.908  94124.614
485  mtMet+F+I+G4  45138.073    696 91668.146    1061892.146  94127.385
486  mtMet+F+R2    45441.119    696 92274.239    1062498.239  94733.478
487  mtMet+F+R3    45174.933    698 91745.865    1067549.865  94212.171
488  mtMet+F+R4    45120.546    700 91641.093    1073041.093  94114.465
489  mtMet+F+R5    45085.484    702 91574.968    1078586.968  94055.407
490  mtMet+F+R6    45081.234    704 91570.467    1084210.467  94057.973
495  mtVer         49097.996    675 99545.992    1012145.992  101931.030
496  mtVer+I       49084.002    676 99520.005    1014824.005  101908.576
497  mtVer+G4      47245.734    676 95843.468    1011147.468  98232.039
498  mtVer+I+G4    47245.590    677 95845.180    1013857.180  98237.285
499  mtVer+R2      47656.251    677 96666.501    1014678.501  99058.606
500  mtVer+R3      47332.006    679 96022.012    1019462.012  98421.183
501  mtVer+R4      47256.480    681 95874.960    1024758.960  98281.198
502  mtVer+R5      47193.618    683 95753.235    1030097.235  98166.540
503  mtVer+R6      47185.281    685 95740.562    1035560.562  98160.934
504  mtVer+R7      47181.438    687 95736.877    1041048.877  98164.315
508  mtVer+F       47416.944    694 96221.888    1060881.888  98674.060
509  mtVer+F+I     47398.598    695 96187.197    1063627.197  98642.902
510  mtVer+F+G4    46020.507    695 93431.015    1060871.015  95886.721
511  mtVer+F+I+G4  46019.355    696 93430.710    1063654.710  95889.949
512  mtVer+F+R2    46360.175    696 94112.349    1064336.349  96571.588
513  mtVer+F+R3    46064.749    698 93525.497    1069329.497  95991.803
514  mtVer+F+R4    46012.214    700 93424.429    1074824.429  95897.801
515  mtVer+F+R5    45979.602    702 93363.204    1080375.204  95843.643
516  mtVer+F+R6    45973.659    704 93355.318    1085995.318  95842.824
517  mtVer+F+R7    45970.092    706 93352.184    1091636.184  95846.757
521  mtInv         48121.262    675 97592.524    1010192.524  99977.562
522  mtInv+I       48098.577    676 97549.154    1012853.154  99937.726
523  mtInv+G4      46551.654    676 94455.309    1009759.309  96843.880
524  mtInv+I+G4    46548.939    677 94451.878    1012463.878  96843.983
525  mtInv+R2      46903.848    677 95161.696    1013173.696  97553.801
526  mtInv+R3      46613.384    679 94584.767    1018024.767  96983.939
527  mtInv+R4      46539.554    681 94441.109    1023325.109  96847.347
528  mtInv+R5      46511.649    683 94389.297    1028733.297  96802.602
529  mtInv+R6      46507.929    685 94385.859    1034205.859  96806.231
534  mtInv+F       45940.554    694 93269.107    1057929.107  95721.280
535  mtInv+F+I     45920.260    695 93230.520    1060670.520  95686.226
536  mtInv+F+G4    44768.954    695 90927.908    1058367.908  93383.614
537  mtInv+F+I+G4  44766.256    696 90924.512    1061148.512  93383.751
538  mtInv+F+R2    45036.394    696 91464.788    1061688.788  93924.027
539  mtInv+F+R3    44800.415    698 90996.830    1066800.830  93463.136
540  mtInv+F+R4    44748.260    700 90896.521    1072296.521  93369.894
541  mtInv+F+R5    44724.176    702 90852.353    1077864.353  93332.792
542  mtInv+F+R6    44720.684    704 90849.368    1083489.368  93336.874
Akaike Information Criterion:           WAG+F+R6
Corrected Akaike Information Criterion: WAG
Bayesian Information Criterion:         WAG+F+R6
Best-fit model: WAG+F+R6 chosen according to BIC

All model information printed to GFP_Final.fasta.model.gz
CPU time for ModelFinder: 3121.922 seconds (0h:52m:1s)
Wall-clock time for ModelFinder: 3629.045 seconds (1h:0m:29s)

NOTE: 85 MB RAM (0 GB) is required!
Estimate model parameters (epsilon = 0.100)
1. Initial log-likelihood: -44049.361
2. Current log-likelihood: -43996.491
3. Current log-likelihood: -43995.932
4. Current log-likelihood: -43995.508
5. Current log-likelihood: -43994.656
6. Current log-likelihood: -43992.868
7. Current log-likelihood: -43991.434
8. Current log-likelihood: -43990.840
9. Current log-likelihood: -43990.618
Optimal log-likelihood: -43990.505
Site proportion and rates:  (0.088,0.145) (0.181,0.400) (0.207,0.777) (0.308,1.155) (0.170,1.649) (0.046,2.572)
Parameters optimization took 9 rounds (44.392 sec)
Computing ML distances based on estimated model parameters... 47.662 sec
Computing BIONJ tree...
0.125 seconds
Log-likelihood of BIONJ tree: -44654.341
--------------------------------------------------------------------
|             INITIALIZING CANDIDATE TREE SET                      |
--------------------------------------------------------------------
Generating 98 parsimony trees... 15.912 second
Computing log-likelihood of 98 initial trees ... 61.063 seconds
Current best score: -43990.505

Do NNI search on 20 best initial trees
Estimate model parameters (epsilon = 0.100)
BETTER TREE FOUND at iteration 1: -43895.159
Estimate model parameters (epsilon = 0.100)
BETTER TREE FOUND at iteration 2: -43868.914
Iteration 10 / LogL: -43891.585 / Time: 0h:4m:4s
Iteration 20 / LogL: -43926.348 / Time: 0h:5m:3s
Finish initializing candidate tree set (20)
Current best tree score: -43868.914 / CPU time: 204.426
Number of iterations: 20
--------------------------------------------------------------------
|               OPTIMIZING CANDIDATE TREE SET                      |
--------------------------------------------------------------------
Iteration 30 / LogL: -43922.914 / Time: 0h:6m:31s (0h:16m:12s left)
Iteration 40 / LogL: -43870.822 / Time: 0h:8m:4s (0h:12m:50s left)
Estimate model parameters (epsilon = 0.100)
BETTER TREE FOUND at iteration 46: -43865.574
Iteration 50 / LogL: -43894.730 / Time: 0h:9m:44s (0h:19m:4s left)
Estimate model parameters (epsilon = 0.100)
BETTER TREE FOUND at iteration 54: -43862.260
Estimate model parameters (epsilon = 0.100)
BETTER TREE FOUND at iteration 57: -43861.853
Estimate model parameters (epsilon = 0.100)
BETTER TREE FOUND at iteration 58: -43860.766
Iteration 60 / LogL: -44187.958 / Time: 0h:11m:31s (0h:19m:8s left)
Estimate model parameters (epsilon = 0.100)
BETTER TREE FOUND at iteration 65: -43860.060
Estimate model parameters (epsilon = 0.100)
BETTER TREE FOUND at iteration 68: -43859.444
Estimate model parameters (epsilon = 0.100)
BETTER TREE FOUND at iteration 70: -43855.049
Iteration 70 / LogL: -43855.049 / Time: 0h:13m:15s (0h:19m:12s left)
Estimate model parameters (epsilon = 0.100)
BETTER TREE FOUND at iteration 71: -43853.098
Estimate model parameters (epsilon = 0.100)
BETTER TREE FOUND at iteration 73: -43852.445
Estimate model parameters (epsilon = 0.100)
BETTER TREE FOUND at iteration 75: -43850.203
Estimate model parameters (epsilon = 0.100)
BETTER TREE FOUND at iteration 78: -43846.317
Iteration 80 / LogL: -43873.197 / Time: 0h:15m:7s (0h:18m:46s left)
Iteration 90 / LogL: -43849.612 / Time: 0h:16m:44s (0h:16m:32s left)
Iteration 100 / LogL: -43855.073 / Time: 0h:18m:18s (0h:14m:25s left)
Estimate model parameters (epsilon = 0.100)
BETTER TREE FOUND at iteration 104: -43839.993
Estimate model parameters (epsilon = 0.100)
BETTER TREE FOUND at iteration 105: -43838.338
Iteration 110 / LogL: -43894.199 / Time: 0h:20m:10s (0h:17m:35s left)
BETTER TREE FOUND at iteration 114: -43838.336
Iteration 120 / LogL: -43889.034 / Time: 0h:21m:44s (0h:17m:10s left)
Iteration 130 / LogL: -43848.892 / Time: 0h:23m:23s (0h:15m:13s left)
Estimate model parameters (epsilon = 0.100)
BETTER TREE FOUND at iteration 131: -43835.304
Iteration 140 / LogL: -43842.661 / Time: 0h:25m:0s (0h:16m:22s left)
Estimate model parameters (epsilon = 0.100)
BETTER TREE FOUND at iteration 141: -43834.816
Estimate model parameters (epsilon = 0.100)
BETTER TREE FOUND at iteration 149: -43831.088
Iteration 150 / LogL: -43858.448 / Time: 0h:26m:49s (0h:17m:49s left)
Iteration 160 / LogL: -43855.774 / Time: 0h:28m:24s (0h:15m:54s left)
Iteration 170 / LogL: -43846.073 / Time: 0h:30m:1s (0h:14m:1s left)
Iteration 180 / LogL: -43835.885 / Time: 0h:31m:36s (0h:12m:11s left)
Iteration 190 / LogL: -43840.408 / Time: 0h:33m:10s (0h:10m:21s left)
Iteration 200 / LogL: -43840.469 / Time: 0h:34m:46s (0h:8m:33s left)
Iteration 210 / LogL: -43855.209 / Time: 0h:36m:21s (0h:6m:47s left)
Estimate model parameters (epsilon = 0.100)
BETTER TREE FOUND at iteration 218: -43830.086
Iteration 220 / LogL: -43886.018 / Time: 0h:38m:2s (0h:17m:1s left)
Iteration 230 / LogL: -43903.297 / Time: 0h:39m:36s (0h:15m:13s left)
Estimate model parameters (epsilon = 0.100)
BETTER TREE FOUND at iteration 238: -43828.630
Iteration 240 / LogL: -43838.928 / Time: 0h:41m:14s (0h:16m:54s left)
Iteration 250 / LogL: -43843.594 / Time: 0h:42m:53s (0h:15m:9s left)
Estimate model parameters (epsilon = 0.100)
BETTER TREE FOUND at iteration 257: -43827.295
Iteration 260 / LogL: -43859.623 / Time: 0h:44m:36s (0h:16m:42s left)
Estimate model parameters (epsilon = 0.100)
BETTER TREE FOUND at iteration 264: -43827.094
Iteration 270 / LogL: -43900.118 / Time: 0h:46m:8s (0h:16m:7s left)
Iteration 280 / LogL: -43830.466 / Time: 0h:47m:45s (0h:14m:22s left)
Iteration 290 / LogL: -43835.475 / Time: 0h:49m:21s (0h:12m:38s left)
Iteration 300 / LogL: -43836.572 / Time: 0h:50m:54s (0h:10m:53s left)
Estimate model parameters (epsilon = 0.100)
BETTER TREE FOUND at iteration 307: -43826.420
Iteration 310 / LogL: -43853.919 / Time: 0h:52m:30s (0h:16m:28s left)
Iteration 320 / LogL: -43851.565 / Time: 0h:54m:5s (0h:14m:45s left)
Iteration 330 / LogL: -43837.746 / Time: 0h:55m:38s (0h:13m:1s left)
Iteration 340 / LogL: -43879.524 / Time: 0h:57m:15s (0h:11m:18s left)
Iteration 350 / LogL: -43843.289 / Time: 0h:58m:43s (0h:9m:35s left)
Iteration 360 / LogL: -43850.650 / Time: 1h:0m:13s (0h:7m:53s left)
Iteration 370 / LogL: -43859.316 / Time: 1h:1m:48s (0h:6m:11s left)
Iteration 380 / LogL: -43827.477 / Time: 1h:3m:27s (0h:4m:31s left)
Estimate model parameters (epsilon = 0.100)
BETTER TREE FOUND at iteration 385: -43825.184
Iteration 390 / LogL: -43847.390 / Time: 1h:5m:6s (0h:15m:53s left)
Iteration 400 / LogL: -43833.261 / Time: 1h:6m:43s (0h:14m:12s left)
Iteration 410 / LogL: -43838.575 / Time: 1h:8m:19s (0h:12m:31s left)
Iteration 420 / LogL: -43833.079 / Time: 1h:9m:53s (0h:10m:50s left)
Iteration 430 / LogL: -43836.211 / Time: 1h:11m:27s (0h:9m:9s left)
Iteration 440 / LogL: -43827.440 / Time: 1h:13m:0s (0h:7m:29s left)
Estimate model parameters (epsilon = 0.100)
BETTER TREE FOUND at iteration 441: -43823.294
Iteration 450 / LogL: -43834.832 / Time: 1h:14m:45s (0h:15m:9s left)
Iteration 460 / LogL: -43853.760 / Time: 1h:16m:24s (0h:13m:29s left)
Iteration 470 / LogL: -43841.455 / Time: 1h:17m:58s (0h:11m:48s left)
Iteration 480 / LogL: -43843.516 / Time: 1h:19m:33s (0h:10m:7s left)
Iteration 490 / LogL: -43848.691 / Time: 1h:21m:8s (0h:8m:27s left)
Iteration 500 / LogL: -43840.220 / Time: 1h:22m:39s (0h:6m:47s left)
Iteration 510 / LogL: -43830.432 / Time: 1h:24m:16s (0h:5m:7s left)
Iteration 520 / LogL: -43830.736 / Time: 1h:25m:51s (0h:3m:28s left)
Iteration 530 / LogL: -43836.932 / Time: 1h:27m:27s (0h:1m:49s left)
Estimate model parameters (epsilon = 0.100)
BETTER TREE FOUND at iteration 534: -43823.177
Iteration 540 / LogL: -43840.506 / Time: 1h:29m:6s (0h:15m:32s left)
Iteration 550 / LogL: -43889.250 / Time: 1h:30m:36s (0h:13m:51s left)
Iteration 560 / LogL: -43833.995 / Time: 1h:32m:14s (0h:12m:12s left)
Iteration 570 / LogL: -43849.662 / Time: 1h:33m:53s (0h:10m:33s left)
Iteration 580 / LogL: -43872.071 / Time: 1h:35m:27s (0h:8m:54s left)
Iteration 590 / LogL: -43852.592 / Time: 1h:37m:1s (0h:7m:14s left)
Iteration 600 / LogL: -44022.863 / Time: 1h:38m:36s (0h:5m:35s left)
Iteration 610 / LogL: -43873.677 / Time: 1h:40m:9s (0h:3m:56s left)
Iteration 620 / LogL: -43842.693 / Time: 1h:41m:43s (0h:2m:18s left)
Iteration 630 / LogL: -43838.434 / Time: 1h:43m:12s (0h:0m:39s left)
TREE SEARCH COMPLETED AFTER 635 ITERATIONS / Time: 1h:43m:59s

--------------------------------------------------------------------
|                    FINALIZING TREE SEARCH                        |
--------------------------------------------------------------------
Performs final model parameters optimization
Estimate model parameters (epsilon = 0.010)
1. Initial log-likelihood: -43823.177
Optimal log-likelihood: -43823.176
Site proportion and rates:  (0.088,0.146) (0.174,0.386) (0.182,0.739) (0.301,1.105) (0.189,1.558) (0.066,2.411)
Parameters optimization took 1 rounds (2.262 sec)
BEST SCORE FOUND : -43823.176
Total tree length: 51.143

Total number of iterations: 635
CPU time used for tree search: 6117.631 sec (1h:41m:57s)
Wall-clock time used for tree search: 6140.385 sec (1h:42m:20s)
Total CPU time used: 6214.294 sec (1h:43m:34s)
Total wall-clock time used: 6241.374 sec (1h:44m:1s)

Analysis results written to: 
  IQ-TREE report:                GFP_Final.fasta.iqtree
  Maximum-likelihood tree:       GFP_Final.fasta.treefile
  Likelihood distances:          GFP_Final.fasta.mldist
  Screen log file:               GFP_Final.fasta.log

Date and Time: Sun Feb 21 21:00:30 2021
