IQ-TREE multicore version 1.6.12 for Linux 64-bit built Aug 15 2019
Developed by Bui Quang Minh, Nguyen Lam Tung, Olga Chernomor,
Heiko Schmidt, Dominik Schrempf, Michael Woodhams.

Host:    amr-116 (AVX2, FMA3, 1007 GB RAM)
Command: iqtree -s GFP_Final.fasta -bb 10000 -asr
Seed:    584645 (Using SPRNG - Scalable Parallel Random Number Generator)
Time:    Thu Mar 11 20:04:00 2021
Kernel:  AVX+FMA - 1 threads (128 CPU cores detected)

HINT: Use -nt option to specify number of threads because your CPU has 128 cores!
HINT: -nt AUTO will automatically determine the best number of threads to use.

Reading alignment file GFP_Final.fasta ... Fasta format detected
Alignment most likely contains protein sequences
Alignment has 248 sequences with 215 columns, 215 distinct patterns
210 parsimony-informative, 4 singleton sites, 1 constant sites
                Gap/Ambiguity  Composition  p-value
   1  ACA48246.1        7.44%    passed     71.83%
   2  XP_035658896.1    4.19%    passed     68.03%
   3  XP_035658893.1    1.40%    passed     63.95%
   4  AEP19817.1        0.47%    passed     65.44%
   5  AEP19816.1        0.47%    passed     47.40%
   6  AAR85351.1        0.93%    passed     11.75%
   7  AAR85350.1        0.93%    passed     48.39%
   8  ADI71928.1        0.93%    passed     95.09%
   9  AEP19815.1        0.47%    passed     63.87%
  10  QEQ56190.1        0.93%    passed     93.59%
  11  QEQ56194.1        0.47%    passed     99.54%
  12  AAL33918.1        0.47%    passed     96.46%
  13  3O78_A            1.40%    passed     58.64%
  14  6XU4_A            1.86%    passed     69.52%
  15  3OSR_A           10.23%    passed     99.44%
  16  3OSQ_A            1.40%    passed     62.77%
  17  6PER_A            2.33%    passed     76.84%
  18  6URU_A            1.40%    passed     38.70%
  19  5YR2_A           32.56%    passed     71.73%
  20  6DGV_A           17.21%    passed     81.92%
  21  5MSE_A            0.47%    failed      0.50%
  22  6QUH_A            0.47%    failed      0.01%
  23  6MDR_a            0.47%    passed      9.70%
  24  6LNP_B            0.00%    passed     98.96%
  25  4ORN_A            0.93%    passed     94.30%
  26  4RYW_A            0.47%    passed     99.70%
  27  5B61_A            0.47%    passed     96.31%
  28  6UN5_A           17.67%    passed     56.15%
  29  5WUA_A            0.47%    passed     93.65%
  30  4LW5_A            0.47%    passed     78.02%
  31  6AA6_A            0.93%    passed     97.18%
  32  5J3N_A            0.47%    passed     86.53%
  33  6GEL_A            0.47%    passed     92.19%
  34  1RRX_A            4.65%    passed     44.97%
  35  6MDR_b            0.47%    passed     92.35%
  36  5WJ2_A            0.47%    passed     97.60%
  37  4GF6_B            0.93%    passed     91.31%
  38  2Q6P_A            5.12%    passed     33.11%
  39  3GEX_A            0.47%    passed     98.15%
  40  4KW4_A            0.47%    passed     89.40%
  41  3UFZ_A            0.47%    passed     94.15%
  42  3ST2_A            0.47%    passed     96.10%
  43  4PA0_A            0.47%    passed     95.34%
  44  KAG0778710.1     21.86%    passed     44.08%
  45  AEP19814.1        1.40%    passed     91.93%
  46  QEQ56198.1        0.47%    passed     79.59%
  47  QEQ56196.1        0.47%    passed     53.13%
  48  QEQ56191.1        0.93%    passed     52.36%
  49  QEQ56197.1        0.93%    passed     49.14%
  50  AAR85349.1        0.93%    passed     96.31%
  51  QEQ56193.1        0.93%    passed     66.27%
  52  QEQ56195.1        0.47%    passed     56.90%
  53  BBC53698.1        1.40%    passed     99.66%
  54  AAR85352.1        1.40%    passed     22.97%
  55  4ZFS_A            0.47%    passed      5.21%
  56  5Y00_A            0.93%    passed     71.75%
  57  AXX69745.1        2.79%    passed     97.72%
  58  AEP13896.1        0.93%    passed     30.93%
  59  AXX69743.1        2.79%    passed     92.96%
  60  AXX69741.1        2.33%    passed     34.64%
  61  AXX69747.1        1.40%    passed     55.38%
  62  AXX69740.1        1.40%    passed     69.91%
  63  AXX69746.1        1.40%    passed     50.32%
  64  AXX69739.1        0.93%    passed     90.83%
  65  AXX69742.1        1.40%    passed     76.30%
  66  AOI27766.1        4.19%    passed     14.19%
  67  ACH67606.1        0.93%    passed     78.74%
  68  AAP55761.1        1.40%    passed     38.91%
  69  XP_001634522.1    1.40%    passed     33.02%
  70  EDO49451.1       18.60%    passed     98.92%
  71  XP_032222978.1   14.42%    passed     90.00%
  72  AAQ11988.1        1.40%    passed     50.22%
  73  ANF06846.1        0.93%    passed     59.50%
  74  ACD13196.1        1.40%    passed     81.55%
  75  AAK71338.1        1.40%    passed    100.00%
  76  AAK71331.1        0.00%    passed     21.54%
  77  AAK71341.1        0.47%    passed     93.00%
  78  ACV52389.1        0.00%    passed     98.60%
  79  AUD11406.1        0.93%    passed     76.07%
  80  BBG58139.1        1.40%    passed     94.67%
  81  XP_020630140.1    1.40%    passed     99.48%
  82  ACV52372.1        0.47%    passed     98.28%
  83  AAU06857.1        1.40%    passed     99.58%
  84  AUD11405.1        0.93%    passed     99.95%
  85  2VZX_A            0.93%    passed     99.99%
  86  BAW32535.1        0.93%    passed    100.00%
  87  BAW32538.1        1.40%    passed     99.77%
  88  Q9U6Y3.1          0.00%    passed     89.79%
  89  6QSO_A            0.93%    passed     70.40%
  90  2OTB_A            1.86%    passed     71.00%
  91  QAU55049.1        1.40%    passed     80.84%
  92  7DNB_A           33.02%    passed     98.22%
  93  ABN41776.1        1.40%    passed     98.05%
  94  CBI12485.1        1.40%    passed     99.01%
  95  ACD13195.1        0.93%    passed     87.72%
  96  4JC2_A            1.40%    passed     99.33%
  97  ACV52374.1        1.40%    passed     98.06%
  98  AAK62982.2        0.93%    passed     99.94%
  99  AAU04448.1        0.93%    passed     97.65%
 100  6WZN_A            0.47%    passed     82.30%
 101  3ADF_A            0.47%    passed     98.22%
 102  6CIU_A            0.47%    passed     97.67%
 103  ABB17955.1        1.40%    passed     99.88%
 104  AAU06843.1        0.00%    passed     99.95%
 105  4OY4_A           24.65%    passed     70.19%
 106  XP_020630220.1    4.19%    passed     99.95%
 107  ABB17959.1        0.93%    passed     99.89%
 108  XP_020627712.1   19.07%    passed     91.30%
 109  ACV52378.1        0.93%    passed     99.96%
 110  4R6B_A            0.00%    passed     99.88%
 111  6GOY_A            0.00%    passed     97.44%
 112  ABN41777.1        0.93%    passed    100.00%
 113  BAC20344.1        0.93%    passed     99.97%
 114  BAD95669.1        1.40%    passed     99.99%
 115  ABB17969.1        1.40%    passed     98.50%
 116  ACD13194.1        0.47%    passed     81.26%
 117  XP_020630180.1   22.33%    passed     84.09%
 118  ABB17956.1        1.40%    passed     99.92%
 119  ABS87215.1        0.93%    passed     99.50%
 120  AAO61598.1        0.93%    passed     99.69%
 121  ABS87209.1        0.93%    passed     99.39%
 122  AAK71332.1        2.33%    passed     99.60%
 123  XP_020605521.1    1.40%    passed     99.02%
 124  ACV52376.1        1.40%    passed     99.34%
 125  ABC68475.1        1.40%    passed     99.87%
 126  ACV52377.1        4.19%    passed     99.95%
 127  ACV52373.1        4.19%    passed     99.93%
 128  ACV52375.1        2.79%    passed     99.99%
 129  ABS87206.1        0.93%    passed     99.19%
 130  ABS87207.1        1.40%    passed     99.88%
 131  AAK71334.1        1.86%    passed     92.54%
 132  ABS87213.1        1.40%    passed     99.87%
 133  AAK97633.1        2.33%    passed     95.07%
 134  AAK83923.1        1.40%    passed     99.16%
 135  ABS87208.1        1.40%    passed     97.90%
 136  AAU04447.1        1.40%    passed     97.00%
 137  ABS87214.1        1.40%    passed     98.33%
 138  BBI37508.1        1.40%    passed     99.70%
 139  XP_020605513.1    1.40%    passed     99.84%
 140  ACD13193.1        1.40%    passed     99.14%
 141  ABB17968.1        1.40%    passed     99.79%
 142  ABB17953.1        0.47%    passed     99.74%
 143  BBC08819.1        0.00%    passed     99.33%
 144  BAU68609.1        0.93%    passed     57.34%
 145  AAG41205.1        1.86%    passed     86.25%
 146  AAM10626.2        1.86%    passed     99.60%
 147  AAS19276.1        0.93%    passed     99.90%
 148  AAO16871.1        1.86%    passed     99.96%
 149  Q95W86.1          0.93%    passed     99.56%
 150  6JC5_A            0.93%    passed     98.84%
 151  6DEJ_A            0.93%    passed     97.90%
 152  1XMZ_A            0.47%    passed     93.88%
 153  4OHS_B            2.33%    passed     97.41%
 154  AOQ25778.1        0.93%    passed     97.25%
 155  XP_031550180.1    1.40%    passed     99.58%
 156  2VAD_A            0.47%    passed     66.48%
 157  WP_105812643.1    0.00%    passed     79.31%
 158  4H3M_A            0.00%    passed     69.53%
 159  6V00_C            0.47%    passed     90.75%
 160  4Q7T_A            1.40%    passed     85.36%
 161  4Q7R_A            1.40%    passed     94.17%
 162  2H5P_A            0.00%    passed     88.30%
 163  3LF3_A            0.47%    passed     87.02%
 164  3KCS_A            0.00%    passed     93.69%
 165  3NED_A            0.00%    passed     96.67%
 166  BBI37512.1        0.47%    passed     82.90%
 167  AAG16224.1        0.00%    passed     62.64%
 168  QKN89973.1        0.00%    passed     72.64%
 169  WP_147736864.1    0.47%    passed     79.64%
 170  AAU04444.1        0.00%    passed     94.08%
 171  2VAE_A            0.47%    passed     77.23%
 172  3U0K_A            1.40%    passed     63.51%
 173  5UKG_A            0.00%    passed     69.30%
 174  6XWY_A            0.93%    passed     72.77%
 175  3E5V_A            0.47%    passed     82.83%
 176  ANW97526.1        1.40%    passed     90.38%
 177  3U0L_A            0.00%    passed     92.26%
 178  5BQL_A            0.47%    passed     97.61%
 179  3PIB_A            0.47%    passed     97.48%
 180  4EDS_A            0.47%    passed     98.86%
 181  6U1A_A            0.47%    passed     99.24%
 182  4OJ0_A            0.00%    passed     87.22%
 183  3H1O_A            0.47%    passed     98.51%
 184  5YT1_A            0.00%    passed     97.33%
 185  WP_159067927.1    0.00%    passed     99.10%
 186  ABB17971.1        0.47%    passed     74.23%
 187  XP_027058888.1    0.47%    passed     79.42%
 188  ABB17954.1        0.47%    passed     89.15%
 189  ABB17965.1        1.86%    passed     93.22%
 190  BAS22116.1        0.00%    passed     71.78%
 191  AAO49327.1        0.93%    passed     91.19%
 192  ACD03133.1        0.93%    passed     58.68%
 193  ACD03134.1        0.00%    passed     92.17%
 194  5Y8Q_A            1.40%    passed     85.78%
 195  QCH40646.1        0.47%    passed     93.61%
 196  ABB17952.1        0.47%    passed     98.43%
 197  ABB17966.1        0.47%    passed     99.74%
 198  BBV24623.1       14.88%    passed     55.43%
 199  AAT77753.1        0.47%    passed     99.41%
 200  XP_015770397.1    0.47%    passed     99.28%
 201  XP_029183020.1    0.93%    passed     95.03%
 202  BAM08939.1        0.93%    passed     83.93%
 203  6AA7_A            0.47%    passed     94.19%
 204  ABB17970.1        0.93%    passed     95.56%
 205  AAO00733.1        3.26%    passed     63.92%
 206  2ZO6_A            0.47%    passed     96.99%
 207  2ZO7_A            2.33%    passed     99.04%
 208  ABB17957.1        1.40%    passed     99.09%
 209  BAD24721.1        2.33%    passed     93.79%
 210  BAF76140.1        1.86%    passed     93.67%
 211  AAS18272.1        1.86%    passed     99.76%
 212  ABB17958.1        2.33%    passed     72.62%
 213  AAS18270.1        0.47%    passed     99.90%
 214  AAZ67343.1        1.86%    passed     42.51%
 215  ABI58282.1        1.40%    passed     82.13%
 216  AAZ14788.1        1.86%    passed     99.98%
 217  AAZ14787.1        0.47%    passed     96.73%
 218  AAZ67342.1        1.40%    passed     98.18%
 219  AAZ14789.1        1.86%    passed     93.08%
 220  RMX59761.1       26.05%    passed     94.95%
 221  XP_029213387.1    0.47%    passed     99.50%
 222  BBV24635.1        4.19%    passed     89.89%
 223  XP_029181744.1   37.21%    passed     96.85%
 224  ACH89427.1        0.00%    passed     99.54%
 225  FAA00738.1       12.09%    passed     97.70%
 226  XP_029181745.1   39.53%    passed     98.57%
 227  BAD24723.1        0.00%    passed     99.15%
 228  XP_029213384.1    0.47%    passed     99.53%
 229  XP_015751145.1    0.47%    passed     97.38%
 230  XP_015751143.1    0.47%    passed     98.30%
 231  BBC21270.1        0.47%    passed     99.37%
 232  BAM08940.1        4.65%    passed     99.79%
 233  BAX00690.1        0.47%    passed     99.98%
 234  BAX00691.1        0.47%    passed    100.00%
 235  XP_029213361.1    0.47%    passed     99.87%
 236  XP_015751140.1    0.47%    passed     99.51%
 237  XP_029213355.1    0.47%    passed     99.45%
 238  BAX00658.1        0.47%    passed     99.58%
 239  ABB17972.1        0.47%    passed     99.93%
 240  XP_029213356.1    0.47%    passed     99.69%
 241  XP_022807489.1   38.60%    passed     34.50%
 242  XP_022807490.1    5.12%    passed     88.35%
 243  XP_027044182.1   19.53%    passed     65.02%
 244  XP_027050944.1    1.40%    passed     99.28%
 245  PFX16305.1       18.14%    passed     75.03%
 246  XP_027047229.1    0.00%    passed     97.37%
 247  2A47_A            0.47%    passed     57.88%
 248  ABB17963.1        0.47%    passed     76.30%
****  TOTAL             2.78%  2 sequences failed composition chi2 test (p-value<5%; df=19)


Create initial parsimony tree by phylogenetic likelihood library (PLL)... 0.051 seconds
NOTE: ModelFinder requires 99 MB RAM!
ModelFinder will test 546 protein models (sample size: 215) ...
 No. Model         -LnL         df  AIC          AICc         BIC
  1  Dayhoff       42443.527    493 85873.054    572957.054   87534.779
  2  Dayhoff+I     42420.751    494 85829.501    574889.501   87494.596
  3  Dayhoff+G4    41416.295    494 83820.590    572880.590   85485.685
  4  Dayhoff+I+G4  41411.997    495 83813.993    574853.993   85482.459
  5  Dayhoff+R2    41607.810    495 84205.620    575245.620   85874.085
  6  Dayhoff+R3    41441.508    497 83877.015    578889.015   85552.223
  7  Dayhoff+R4    41385.125    499 83768.251    582768.251   85450.199
  8  Dayhoff+R5    41365.471    501 83732.943    586736.943   85421.632
  9  Dayhoff+R6    41354.486    503 83714.973    590738.973   85410.404
 10  Dayhoff+R7    41353.649    505 83717.299    594777.299   85419.471
 14  Dayhoff+F     42288.588    512 85601.175    610913.175   87326.942
 15  Dayhoff+F+I   42270.515    513 85567.029    612931.029   87296.167
 16  Dayhoff+F+G4  41280.757    513 83587.514    610951.514   85316.651
 17  Dayhoff+F+I+G4 41278.185    514 83584.370    613004.370   85316.878
 18  Dayhoff+F+R2  41470.895    514 83969.790    613389.790   85702.298
 19  Dayhoff+F+R3  41309.955    516 83651.910    617195.910   85391.159
 20  Dayhoff+F+R4  41254.906    518 83545.812    621229.812   85291.802
 21  Dayhoff+F+R5  41235.358    520 83510.716    625350.716   85263.447
 22  Dayhoff+F+R6  41223.679    522 83491.358    629503.358   85250.831
 23  Dayhoff+F+R7  41222.115    524 83492.230    633692.230   85258.445
 27  mtMAM         46744.384    493 94474.767    581558.767   96136.492
 28  mtMAM+I       46740.258    494 94468.516    583528.516   96133.611
 29  mtMAM+G4      44590.555    494 90169.110    579229.110   91834.205
 30  mtMAM+I+G4    44590.554    495 90171.109    581211.109   91839.574
 31  mtMAM+R2      45072.319    495 91134.639    582174.639   92803.104
 32  mtMAM+R3      44781.621    497 90557.242    585569.242   92232.449
 33  mtMAM+R4      44682.850    499 90363.701    589363.701   92045.649
 34  mtMAM+R5      44540.770    501 90083.539    593087.539   91772.229
 35  mtMAM+R6      44520.374    503 90046.748    597070.748   91742.179
 36  mtMAM+R7      44515.249    505 90040.498    601100.498   91742.670
 40  mtMAM+F       44687.777    512 90399.553    615711.553   92125.320
 41  mtMAM+F+I     44683.070    513 90392.139    617756.139   92121.277
 42  mtMAM+F+G4    43134.489    513 87294.977    614658.977   89024.115
 43  mtMAM+F+I+G4  43134.491    514 87296.982    616716.982   89029.490
 44  mtMAM+F+R2    43494.992    514 88017.983    617437.983   89750.491
 45  mtMAM+F+R3    43223.024    516 87478.048    621022.048   89217.298
 46  mtMAM+F+R4    43132.652    518 87301.305    624985.305   89047.295
 47  mtMAM+F+R5    43086.172    520 87212.344    629052.344   88965.076
 48  mtMAM+F+R6    43078.846    522 87201.691    633213.691   88961.164
 49  mtMAM+F+R7    43073.509    524 87195.019    637395.019   88961.233
 53  JTT           41825.492    493 84636.985    571720.985   86298.709
 54  JTT+I         41802.607    494 84593.214    573653.214   86258.309
 55  JTT+G4        40847.146    494 82682.293    571742.293   84347.388
 56  JTT+I+G4      40843.062    495 82676.125    573716.125   84344.590
 57  JTT+R2        41043.538    495 83077.077    574117.077   84745.542
 58  JTT+R3        40874.991    497 82743.982    577755.982   84419.189
 59  JTT+R4        40813.551    499 82625.101    581625.101   84307.050
 60  JTT+R5        40803.252    501 82608.505    585612.505   84297.194
 61  JTT+R6        40798.664    503 82603.328    589627.328   84298.759
 66  JTT+F         41631.678    512 84287.356    609599.356   86013.122
 67  JTT+F+I       41612.204    513 84250.408    611614.408   85979.545
 68  JTT+F+G4      40682.155    513 82390.309    609754.309   84119.447
 69  JTT+F+I+G4    40678.912    514 82385.824    611805.824   84118.332
 70  JTT+F+R2      40868.281    514 82764.561    612184.561   84497.069
 71  JTT+F+R3      40708.652    516 82449.303    615993.303   84188.553
 72  JTT+F+R4      40651.595    518 82339.191    620023.191   84085.181
 73  JTT+F+R5      40637.800    520 82315.600    624155.600   84068.332
 74  JTT+F+R6      40632.722    522 82309.444    628321.444   84068.917
 79  WAG           41492.208    493 83970.417    571054.417   85632.141
 80  WAG+I         41476.883    494 83941.765    573001.765   85606.861
 81  WAG+G4        40639.747    494 82267.494    571327.494   83932.589
 82  WAG+I+G4      40637.696    495 82265.392    573305.392   83933.858
 83  WAG+R2        40790.000    495 82570.001    573610.001   84238.466
 84  WAG+R3        40648.832    497 82291.664    577303.664   83966.871
 85  WAG+R4        40611.379    499 82220.759    581220.759   83902.707
 86  WAG+R5        40591.038    501 82184.077    585188.077   83872.766
 87  WAG+R6        40585.124    503 82176.248    589200.248   83871.679
 88  WAG+R7        40583.036    505 82176.072    593236.072   83878.244
 92  WAG+F         41370.802    512 83765.605    609077.605   85491.371
 93  WAG+F+I       41358.345    513 83742.690    611106.690   85471.827
 94  WAG+F+G4      40519.053    513 82064.106    609428.106   83793.244
 95  WAG+F+I+G4    40517.807    514 82063.613    611483.613   83796.121
 96  WAG+F+R2      40670.857    514 82369.714    611789.714   84102.222
 97  WAG+F+R3      40529.319    516 82090.638    615634.638   83829.888
 98  WAG+F+R4      40493.242    518 82022.484    619706.484   83768.474
 99  WAG+F+R5      40468.892    520 81977.784    623817.784   83730.516
100  WAG+F+R6      40464.499    522 81972.997    627984.997   83732.470
105  cpREV         41920.517    493 84827.035    571911.035   86488.759
106  cpREV+I       41908.980    494 84805.960    573865.960   86471.055
107  cpREV+G4      41083.996    494 83155.991    572215.991   84821.086
108  cpREV+I+G4    41083.217    495 83156.433    574196.433   84824.899
109  cpREV+R2      41278.496    495 83546.992    574586.992   85215.458
110  cpREV+R3      41097.357    497 83188.714    578200.714   84863.921
111  cpREV+R4      41056.037    499 83110.074    582110.074   84792.023
112  cpREV+R5      41035.597    501 83073.194    586077.194   84761.884
113  cpREV+R6      41031.687    503 83069.373    590093.373   84764.804
118  cpREV+F       41720.155    512 84464.311    609776.311   86190.077
119  cpREV+F+I     41709.315    513 84444.629    611808.629   86173.766
120  cpREV+F+G4    40877.903    513 82781.805    610145.805   84510.943
121  cpREV+F+I+G4  40877.176    514 82782.352    612202.352   84514.860
122  cpREV+F+R2    41067.604    514 83163.208    612583.208   84895.716
123  cpREV+F+R3    40897.283    516 82826.565    616370.565   84565.815
124  cpREV+F+R4    40843.718    518 82723.436    620407.436   84469.426
125  cpREV+F+R5    40817.694    520 82675.388    624515.388   84428.120
126  cpREV+F+R6    40816.445    522 82676.890    628688.890   84436.363
131  mtREV         44384.914    493 89755.827    576839.827   91417.552
132  mtREV+I       44378.934    494 89745.868    578805.868   91410.963
133  mtREV+G4      42973.018    494 86934.035    575994.035   88599.131
134  mtREV+I+G4    42973.044    495 86936.088    577976.088   88604.554
135  mtREV+R2      43307.560    495 87605.119    578645.119   89273.585
136  mtREV+R3      43064.220    497 87122.441    582134.441   88797.648
137  mtREV+R4      42962.189    499 86922.378    585922.378   88604.327
138  mtREV+R5      42938.258    501 86878.516    589882.516   88567.206
139  mtREV+R6      42937.169    503 86880.339    593904.339   88575.770
144  mtREV+F       42663.370    512 86350.740    611662.740   88076.507
145  mtREV+F+I     42657.627    513 86341.254    613705.254   88070.391
146  mtREV+F+G4    41600.970    513 84227.940    611591.940   85957.078
147  mtREV+F+I+G4  41600.953    514 84229.905    613649.905   85962.413
148  mtREV+F+R2    41827.431    514 84682.862    614102.862   86415.370
149  mtREV+F+R3    41657.915    516 84347.830    617891.830   86087.080
150  mtREV+F+R4    41573.827    518 84183.654    621867.654   85929.644
151  mtREV+F+R5    41564.235    520 84168.470    626008.470   85921.202
152  mtREV+F+R6    41558.080    522 84160.161    630172.161   85919.634
153  mtREV+F+R7    41555.629    524 84159.259    634359.259   85925.473
157  rtREV         42277.047    493 85540.094    572624.094   87201.819
158  rtREV+I       42264.862    494 85517.723    574577.723   87182.819
159  rtREV+G4      41290.485    494 83568.970    572628.970   85234.065
160  rtREV+I+G4    41289.683    495 83569.365    574609.365   85237.831
161  rtREV+R2      41499.505    495 83989.009    575029.009   85657.475
162  rtREV+R3      41323.879    497 83641.757    578653.757   85316.964
163  rtREV+R4      41259.130    499 83516.261    582516.261   85198.209
164  rtREV+R5      41243.820    501 83489.641    586493.641   85178.330
165  rtREV+R6      41242.477    503 83490.954    590514.954   85186.385
170  rtREV+F       41982.416    512 84988.832    610300.832   86714.598
171  rtREV+F+I     41970.178    513 84966.357    612330.357   86695.494
172  rtREV+F+G4    40976.475    513 82978.951    610342.951   84708.088
173  rtREV+F+I+G4  40975.247    514 82978.494    612398.494   84711.001
174  rtREV+F+R2    41170.042    514 83368.085    612788.085   85100.592
175  rtREV+F+R3    41009.146    516 83050.292    616594.292   84789.541
176  rtREV+F+R4    40947.284    518 82930.567    620614.567   84676.558
177  rtREV+F+R5    40929.248    520 82898.497    624738.497   84651.228
178  rtREV+F+R6    40925.862    522 82895.724    628907.724   84655.197
183  mtART         46280.109    493 93546.219    580630.219   95207.943
184  mtART+I       46265.284    494 93518.568    582578.568   95183.664
185  mtART+G4      44087.685    494 89163.371    578223.371   90828.466
186  mtART+I+G4    44087.687    495 89165.374    580205.374   90833.839
187  mtART+R2      44594.279    495 90178.559    581218.559   91847.024
188  mtART+R3      44307.862    497 89609.723    584621.723   91284.930
189  mtART+R4      44136.046    499 89270.091    588270.091   90952.040
190  mtART+R5      44087.759    501 89177.517    592181.517   90866.207
191  mtART+R6      44063.416    503 89132.831    596156.831   90828.262
192  mtART+R7      44046.551    505 89103.103    600163.103   90805.275
193  mtART+R8      44005.749    507 89025.498    604137.498   90734.411
194  mtART+R9      44004.221    509 89026.442    608206.442   90742.097
196  mtART+F       44068.271    512 89160.541    614472.541   90886.308
197  mtART+F+I     44057.424    513 89140.847    616504.847   90869.984
198  mtART+F+G4    42506.919    513 86039.838    613403.838   87768.975
199  mtART+F+I+G4  42506.954    514 86041.907    615461.907   87774.415
200  mtART+F+R2    42888.577    514 86805.153    616225.153   88537.661
201  mtART+F+R3    42625.236    516 86282.471    619826.471   88021.721
202  mtART+F+R4    42506.149    518 86048.298    623732.298   87794.288
203  mtART+F+R5    42481.602    520 86003.204    627843.204   87755.936
204  mtART+F+R6    42472.240    522 85988.481    632000.481   87747.954
205  mtART+F+R7    42463.990    524 85975.979    636175.979   87742.194
206  mtART+F+R8    42448.099    526 85948.199    640352.199   87721.154
207  mtART+F+R9    42445.845    528 85947.690    644571.690   87727.387
209  mtZOA         44706.602    493 90399.205    577483.205   92060.929
210  mtZOA+I       44687.046    494 90362.093    579422.093   92027.188
211  mtZOA+G4      42885.539    494 86759.078    575819.078   88424.173
212  mtZOA+I+G4    42884.760    495 86759.520    577799.520   88427.986
213  mtZOA+R2      43312.506    495 87615.012    578655.012   89283.478
214  mtZOA+R3      42997.127    497 86988.255    582000.255   88663.462
215  mtZOA+R4      42902.683    499 86803.366    585803.366   88485.315
216  mtZOA+R5      42861.274    501 86724.548    589728.548   88413.238
217  mtZOA+R6      42848.107    503 86702.215    593726.215   88397.646
218  mtZOA+R7      42837.980    505 86685.960    597745.960   88388.132
219  mtZOA+R8      42818.969    507 86651.938    601763.938   88360.852
220  mtZOA+R9      42815.501    509 86649.002    605829.002   88364.656
222  mtZOA+F       42948.811    512 86921.621    612233.621   88647.388
223  mtZOA+F+I     42934.417    513 86894.834    614258.834   88623.972
224  mtZOA+F+G4    41708.439    513 84442.878    611806.878   86172.015
225  mtZOA+F+I+G4  41707.567    514 84443.134    613863.134   86175.641
226  mtZOA+F+R2    42005.532    514 85039.064    614459.064   86771.572
227  mtZOA+F+R3    41767.864    516 84567.728    618111.728   86306.977
228  mtZOA+F+R4    41685.420    518 84406.840    622090.840   86152.830
229  mtZOA+F+R5    41665.742    520 84371.483    626211.483   86124.215
230  mtZOA+F+R6    41660.157    522 84364.314    630376.314   86123.787
231  mtZOA+F+R7    41654.827    524 84357.655    634557.655   86123.869
235  VT            41566.274    493 84118.547    571202.547   85780.272
236  VT+I          41546.840    494 84081.680    573141.680   85746.776
237  VT+G4         40705.465    494 82398.930    571458.930   84064.025
238  VT+I+G4       40702.231    495 82394.461    573434.461   84062.927
239  VT+R2         40867.441    495 82724.882    573764.882   84393.348
240  VT+R3         40714.777    497 82423.553    577435.553   84098.760
241  VT+R4         40675.198    499 82348.397    581348.397   84030.345
242  VT+R5         40659.671    501 82321.341    585325.341   84010.031
243  VT+R6         40654.957    503 82315.914    589339.914   84011.345
248  VT+F          41415.112    512 83854.224    609166.224   85579.991
249  VT+F+I        41398.330    513 83822.661    611186.661   85551.798
250  VT+F+G4       40566.627    513 82159.253    609523.253   83888.391
251  VT+F+I+G4     40564.031    514 82156.061    611576.061   83888.569
252  VT+F+R2       40722.565    514 82473.130    611893.130   84205.638
253  VT+F+R3       40580.130    516 82192.261    615736.261   83931.510
254  VT+F+R4       40537.133    518 82110.267    619794.267   83856.257
255  VT+F+R5       40521.774    520 82083.547    623923.547   83836.279
256  VT+F+R6       40516.240    522 82076.480    628088.480   83835.953
257  VT+F+R7       40516.123    524 82080.246    632280.246   83846.460
261  LG            41875.196    493 84736.392    571820.392   86398.116
262  LG+I          41858.303    494 84704.605    573764.605   86369.700
263  LG+G4         40880.468    494 82748.936    571808.936   84414.031
264  LG+I+G4       40878.304    495 82746.607    573786.607   84415.073
265  LG+R2         41097.832    495 83185.663    574225.663   84854.129
266  LG+R3         40914.655    497 82823.310    577835.310   84498.518
267  LG+R4         40850.323    499 82698.646    581698.646   84380.595
268  LG+R5         40833.906    501 82669.811    585673.811   84358.501
269  LG+R6         40831.852    503 82669.703    589693.703   84365.134
274  LG+F          41655.137    512 84334.274    609646.274   86060.040
275  LG+F+I        41641.478    513 84308.956    611672.956   86038.093
276  LG+F+G4       40676.462    513 82378.923    609742.923   84108.061
277  LG+F+I+G4     40675.017    514 82378.035    611798.035   84110.543
278  LG+F+R2       40875.452    514 82778.905    612198.905   84511.413
279  LG+F+R3       40711.368    516 82454.736    615998.736   84193.986
280  LG+F+R4       40646.643    518 82329.286    620013.286   84075.276
281  LG+F+R5       40631.473    520 82302.945    624142.945   84055.677
282  LG+F+R6       40626.471    522 82296.943    628308.943   84056.416
287  DCMut         42440.203    493 85866.406    572950.406   87528.131
288  DCMut+I       42417.390    494 85822.780    574882.780   87487.875
289  DCMut+G4      41415.293    494 83818.586    572878.586   85483.681
290  DCMut+I+G4    41410.936    495 83811.873    574851.873   85480.338
291  DCMut+R2      41606.248    495 84202.497    575242.497   85870.963
292  DCMut+R3      41440.509    497 83875.017    578887.017   85550.225
293  DCMut+R4      41384.279    499 83766.558    582766.558   85448.507
294  DCMut+R5      41376.204    501 83754.408    586758.408   85443.098
295  DCMut+R6      41363.194    503 83732.389    590756.389   85427.820
296  DCMut+R7      41362.213    505 83734.426    594794.426   85436.598
300  DCMut+F       42286.713    512 85597.427    610909.427   87323.193
301  DCMut+F+I     42268.571    513 85563.142    612927.142   87292.279
302  DCMut+F+G4    41280.822    513 83587.644    610951.644   85316.781
303  DCMut+F+I+G4  41278.201    514 83584.401    613004.401   85316.909
304  DCMut+F+R2    41470.268    514 83968.537    613388.537   85701.045
305  DCMut+F+R3    41309.525    516 83651.049    617195.049   85390.298
306  DCMut+F+R4    41255.154    518 83546.308    621230.308   85292.299
307  DCMut+F+R5    41239.043    520 83518.086    625358.086   85270.818
308  DCMut+F+R6    41230.750    522 83505.499    629517.499   85264.972
309  DCMut+F+R7    41230.042    524 83508.085    633708.085   85274.299
313  PMB           41888.849    493 84763.699    571847.699   86425.423
314  PMB+I         41871.807    494 84731.614    573791.614   86396.709
315  PMB+G4        40969.741    494 82927.483    571987.483   84592.578
316  PMB+I+G4      40967.878    495 82925.757    573965.757   84594.222
317  PMB+R2        41147.847    495 83285.694    574325.694   84954.159
318  PMB+R3        40987.616    497 82969.233    577981.233   84644.440
319  PMB+R4        40953.177    499 82904.354    581904.354   84586.302
320  PMB+R5        40927.134    501 82856.267    585860.267   84544.957
321  PMB+R6        40923.870    503 82853.740    589877.740   84549.171
326  PMB+F         41800.384    512 84624.769    609936.769   86350.536
327  PMB+F+I       41784.634    513 84595.268    611959.268   86324.405
328  PMB+F+G4      40906.886    513 82839.773    610203.773   84568.910
329  PMB+F+I+G4    40905.163    514 82838.326    612258.326   84570.834
330  PMB+F+R2      41069.575    514 83167.151    612587.151   84899.659
331  PMB+F+R3      40925.246    516 82882.493    616426.493   84621.742
332  PMB+F+R4      40885.436    518 82806.871    620490.871   84552.862
333  PMB+F+R5      40863.353    520 82766.705    624606.705   84519.437
334  PMB+F+R6      40858.374    522 82760.749    628772.749   84520.222
339  HIVb          43174.454    493 87334.908    574418.908   88996.632
340  HIVb+I        43150.951    494 87289.903    576349.903   88954.998
341  HIVb+G4       41987.308    494 84962.616    574022.616   86627.711
342  HIVb+I+G4     41983.270    495 84956.539    575996.539   86625.005
343  HIVb+R2       42294.809    495 85579.617    576619.617   87248.083
344  HIVb+R3       42047.454    497 85088.908    580100.908   86764.115
345  HIVb+R4       41963.053    499 84924.105    583924.105   86606.054
346  HIVb+R5       41952.188    501 84906.377    587910.377   86595.066
347  HIVb+R6       41944.144    503 84894.289    591918.289   86589.720
348  HIVb+R7       41943.185    505 84896.370    595956.370   86598.542
352  HIVb+F        42917.467    512 86858.934    612170.934   88584.700
353  HIVb+F+I      42896.447    513 86818.894    614182.894   88548.032
354  HIVb+F+G4     41763.588    513 84553.176    611917.176   86282.314
355  HIVb+F+I+G4   41760.111    514 84548.222    613968.222   86280.730
356  HIVb+F+R2     42054.235    514 85136.469    614556.469   86868.977
357  HIVb+F+R3     41812.625    516 84657.250    618201.250   86396.499
358  HIVb+F+R4     41736.263    518 84508.526    622192.526   86254.517
359  HIVb+F+R5     41716.448    520 84472.895    626312.895   86225.627
360  HIVb+F+R6     41704.779    522 84453.557    630465.557   86213.030
361  HIVb+F+R7     41704.756    524 84457.511    634657.511   86223.726
365  HIVw          44507.446    493 90000.892    577084.892   91662.617
366  HIVw+I        44475.774    494 89939.547    578999.547   91604.642
367  HIVw+G4       43356.370    494 87700.740    576760.740   89365.835
368  HIVw+I+G4     43349.331    495 87688.661    578728.661   89357.127
369  HIVw+R2       43651.920    495 88293.839    579333.839   89962.305
370  HIVw+R3       43398.628    497 87791.256    582803.256   89466.464
371  HIVw+R4       43330.448    499 87658.895    586658.895   89340.844
372  HIVw+R5       43312.891    501 87627.781    590631.781   89316.471
373  HIVw+R6       43301.031    503 87608.062    594632.062   89303.493
374  HIVw+R7       43300.956    505 87611.911    598671.911   89314.084
378  HIVw+F        44108.816    512 89241.632    614553.632   90967.399
379  HIVw+F+I      44074.877    513 89175.755    616539.755   90904.892
380  HIVw+F+G4     42920.851    513 86867.703    614231.703   88596.840
381  HIVw+F+I+G4   42914.603    514 86857.207    616277.207   88589.715
382  HIVw+F+R2     43195.031    514 87418.062    616838.062   89150.570
383  HIVw+F+R3     42951.402    516 86934.804    620478.804   88674.053
384  HIVw+F+R4     42897.530    518 86831.060    624515.060   88577.051
385  HIVw+F+R5     42869.205    520 86778.410    628618.410   88531.142
386  HIVw+F+R6     42858.910    522 86761.820    632773.820   88521.293
387  HIVw+F+R7     42858.852    524 86765.704    636965.704   88531.919
391  JTTDCMut      41817.425    493 84620.850    571704.850   86282.574
392  JTTDCMut+I    41795.629    494 84579.258    573639.258   86244.353
393  JTTDCMut+G4   40848.568    494 82685.136    571745.136   84350.231
394  JTTDCMut+I+G4 40844.765    495 82679.530    573719.530   84347.996
395  JTTDCMut+R2   41042.602    495 83075.204    574115.204   84743.670
396  JTTDCMut+R3   40876.226    497 82746.452    577758.452   84421.659
397  JTTDCMut+R4   40815.502    499 82629.004    581629.004   84310.952
398  JTTDCMut+R5   40803.874    501 82609.748    585613.748   84298.437
399  JTTDCMut+R6   40799.742    503 82605.484    589629.484   84300.915
404  JTTDCMut+F    41630.006    512 84284.011    609596.011   86009.778
405  JTTDCMut+F+I  41611.489    513 84248.978    611612.978   85978.115
406  JTTDCMut+F+G4 40686.050    513 82398.101    609762.101   84127.238
407  JTTDCMut+F+I+G4 40683.067    514 82394.135    611814.135   84126.643
408  JTTDCMut+F+R2 40871.353    514 82770.706    612190.706   84503.214
409  JTTDCMut+F+R3 40712.544    516 82457.087    616001.087   84196.336
410  JTTDCMut+F+R4 40655.559    518 82347.117    620031.117   84093.108
411  JTTDCMut+F+R5 40640.767    520 82321.534    624161.534   84074.266
412  JTTDCMut+F+R6 40636.051    522 82316.101    628328.101   84075.574
417  FLU           42859.034    493 86704.068    573788.068   88365.793
418  FLU+I         42840.335    494 86668.670    575728.670   88333.765
419  FLU+G4        41786.303    494 84560.606    573620.606   86225.701
420  FLU+I+G4      41783.623    495 84557.247    575597.247   86225.712
421  FLU+R2        42051.617    495 85093.233    576133.233   86761.699
422  FLU+R3        41814.022    497 84622.043    579634.043   86297.250
423  FLU+R4        41755.233    499 84508.466    583508.466   86190.414
424  FLU+R5        41735.359    501 84472.719    587476.719   86161.408
425  FLU+R6        41728.553    503 84463.106    591487.106   86158.536
426  FLU+R7        41728.501    505 84467.001    595527.001   86169.174
430  FLU+F         42735.387    512 86494.773    611806.773   88220.540
431  FLU+F+I       42718.187    513 86462.374    613826.374   88191.512
432  FLU+F+G4      41654.072    513 84334.143    611698.143   86063.281
433  FLU+F+I+G4    41652.718    514 84333.435    613753.435   86065.943
434  FLU+F+R2      41915.371    514 84858.742    614278.742   86591.250
435  FLU+F+R3      41683.462    516 84398.925    617942.925   86138.174
436  FLU+F+R4      41633.190    518 84302.379    621986.379   86048.370
437  FLU+F+R5      41602.210    520 84244.420    626084.420   85997.152
438  FLU+F+R6      41595.955    522 84235.909    630247.909   85995.382
439  FLU+F+R7      41595.937    524 84239.874    634439.874   86006.088
443  Blosum62      41858.560    493 84703.120    571787.120   86364.845
444  Blosum62+I    41841.396    494 84670.792    573730.792   86335.887
445  Blosum62+G4   40978.988    494 82945.975    572005.975   84611.070
446  Blosum62+I+G4 40976.734    495 82943.467    573983.467   84611.933
447  Blosum62+R2   41149.410    495 83288.821    574328.821   84957.287
448  Blosum62+R3   40994.637    497 82983.274    577995.274   84658.481
449  Blosum62+R4   40955.817    499 82909.633    581909.633   84591.582
450  Blosum62+R5   40933.959    501 82869.917    585873.917   84558.607
451  Blosum62+R6   40933.959    503 82873.918    589897.918   84569.349
456  Blosum62+F    41807.918    512 84639.836    609951.836   86365.603
457  Blosum62+F+I  41791.957    513 84609.914    611973.914   86339.051
458  Blosum62+F+G4 40947.368    513 82920.736    610284.736   84649.873
459  Blosum62+F+I+G4 40945.148    514 82918.296    612338.296   84650.804
460  Blosum62+F+R2 41100.999    514 83229.998    612649.998   84962.506
461  Blosum62+F+R3 40966.242    516 82964.484    616508.484   84703.733
462  Blosum62+F+R4 40922.774    518 82881.549    620565.549   84627.539
463  Blosum62+F+R5 40903.336    520 82846.673    624686.673   84599.404
464  Blosum62+F+R6 40903.311    522 82850.622    628862.622   84610.095
469  mtMet         44355.024    493 89696.048    576780.048   91357.773
470  mtMet+I       44337.057    494 89662.113    578722.113   91327.208
471  mtMet+G4      42806.114    494 86600.227    575660.227   88265.322
472  mtMet+I+G4    42805.220    495 86600.439    577640.439   88268.905
473  mtMet+R2      43166.728    495 87323.457    578363.457   88991.922
474  mtMet+R3      42878.696    497 86751.392    581763.392   88426.599
475  mtMet+R4      42812.362    499 86622.724    585622.724   88304.673
476  mtMet+R5      42772.396    501 86546.792    589550.792   88235.482
477  mtMet+R6      42772.243    503 86550.486    593574.486   88245.917
482  mtMet+F       42652.296    512 86328.592    611640.592   88054.359
483  mtMet+F+I     42634.383    513 86294.767    613658.767   88023.904
484  mtMet+F+G4    41501.145    513 84028.291    611392.291   85757.428
485  mtMet+F+I+G4  41499.780    514 84027.559    613447.559   85760.067
486  mtMet+F+R2    41764.174    514 84556.347    613976.347   86288.855
487  mtMet+F+R3    41536.414    516 84104.828    617648.828   85844.078
488  mtMet+F+R4    41480.702    518 83997.403    621681.403   85743.394
489  mtMet+F+R5    41452.971    520 83945.943    625785.943   85698.674
490  mtMet+F+R6    41452.888    522 83949.775    629961.775   85709.248
495  mtVer         45172.778    493 91331.556    578415.556   92993.281
496  mtVer+I       45159.666    494 91307.333    580367.333   92972.428
497  mtVer+G4      43465.699    494 87919.397    576979.397   89584.493
498  mtVer+I+G4    43465.717    495 87921.435    578961.435   89589.900
499  mtVer+R2      43865.646    495 88721.291    579761.291   90389.757
500  mtVer+R3      43548.700    497 88091.401    583103.401   89766.608
501  mtVer+R4      43477.007    499 87952.015    586952.015   89633.963
502  mtVer+R5      43430.631    501 87863.262    590867.262   89551.952
503  mtVer+R6      43430.344    503 87866.689    594890.689   89562.120
508  mtVer+F       43564.153    512 88152.306    613464.306   89878.072
509  mtVer+F+I     43546.683    513 88119.366    615483.366   89848.503
510  mtVer+F+G4    42294.884    513 85615.767    612979.767   87344.904
511  mtVer+F+I+G4  42293.970    514 85615.941    615035.941   87348.449
512  mtVer+F+R2    42598.245    514 86224.490    615644.490   87956.998
513  mtVer+F+R3    42328.763    516 85689.526    619233.526   87428.775
514  mtVer+F+R4    42285.437    518 85606.873    623290.873   87352.864
515  mtVer+F+R5    42258.540    520 85557.080    627397.080   87309.811
516  mtVer+F+R6    42258.412    522 85560.824    631572.824   87320.297
521  mtInv         44254.519    493 89495.039    576579.039   91156.763
522  mtInv+I       44233.164    494 89454.327    578514.327   91119.422
523  mtInv+G4      42830.672    494 86649.343    575709.343   88314.438
524  mtInv+I+G4    42828.356    495 86646.712    577686.712   88315.178
525  mtInv+R2      43157.283    495 87304.565    578344.565   88973.031
526  mtInv+R3      42884.834    497 86763.668    581775.668   88438.875
527  mtInv+R4      42814.664    499 86627.328    585627.328   88309.276
528  mtInv+R5      42793.630    501 86589.261    589593.261   88277.950
529  mtInv+R6      42793.521    503 86593.043    593617.043   88288.474
534  mtInv+F       42231.364    512 85486.728    610798.728   87212.495
535  mtInv+F+I     42212.133    513 85450.266    612814.266   87179.404
536  mtInv+F+G4    41172.216    513 83370.432    610734.432   85099.570
537  mtInv+F+I+G4  41169.832    514 83367.664    612787.664   85100.172
538  mtInv+F+R2    41400.540    514 83829.081    613249.081   85561.589
539  mtInv+F+R3    41202.512    516 83437.023    616981.023   85176.273
540  mtInv+F+R4    41149.293    518 83334.585    621018.585   85080.576
541  mtInv+F+R5    41125.967    520 83291.934    625131.934   85044.666
542  mtInv+F+R6    41125.831    522 83295.662    629307.662   85055.136
Akaike Information Criterion:           WAG+F+R6
Corrected Akaike Information Criterion: WAG
Bayesian Information Criterion:         WAG+F+R5
Best-fit model: WAG+F+R5 chosen according to BIC

All model information printed to GFP_Final.fasta.model.gz
CPU time for ModelFinder: 1120.100 seconds (0h:18m:40s)
Wall-clock time for ModelFinder: 1121.427 seconds (0h:18m:41s)
Generating 10000 samples for ultrafast bootstrap (seed: 584645)...

NOTE: 54 MB RAM (0 GB) is required!
Estimate model parameters (epsilon = 0.100)
1. Initial log-likelihood: -40540.939
2. Current log-likelihood: -40469.808
3. Current log-likelihood: -40468.433
4. Current log-likelihood: -40468.229
Optimal log-likelihood: -40468.150
Site proportion and rates:  (0.088,0.154) (0.204,0.422) (0.308,0.899) (0.323,1.386) (0.077,2.285)
Parameters optimization took 4 rounds (4.907 sec)
Computing ML distances based on estimated model parameters... 20.081 sec
Computing BIONJ tree...
0.031 seconds
Log-likelihood of BIONJ tree: -40844.767
--------------------------------------------------------------------
|             INITIALIZING CANDIDATE TREE SET                      |
--------------------------------------------------------------------
Generating 98 parsimony trees... 6.113 second
Computing log-likelihood of 98 initial trees ... 20.357 seconds
Current best score: -40374.436

Do NNI search on 20 best initial trees
Estimate model parameters (epsilon = 0.100)
BETTER TREE FOUND at iteration 1: -40296.247
Estimate model parameters (epsilon = 0.100)
BETTER TREE FOUND at iteration 4: -40290.535
Iteration 10 / LogL: -40320.346 / Time: 0h:1m:23s
Iteration 20 / LogL: -40324.099 / Time: 0h:1m:49s
Finish initializing candidate tree set (20)
Current best tree score: -40290.535 / CPU time: 84.152
Number of iterations: 20
--------------------------------------------------------------------
|               OPTIMIZING CANDIDATE TREE SET                      |
--------------------------------------------------------------------
Iteration 30 / LogL: -40297.661 / Time: 0h:2m:22s (0h:6m:4s left)
Estimate model parameters (epsilon = 0.100)
BETTER TREE FOUND at iteration 33: -40286.300
Estimate model parameters (epsilon = 0.100)
BETTER TREE FOUND at iteration 35: -40284.030
Iteration 40 / LogL: -40284.537 / Time: 0h:2m:56s (0h:7m:11s left)
Estimate model parameters (epsilon = 0.100)
BETTER TREE FOUND at iteration 50: -40281.585
Iteration 50 / LogL: -40281.585 / Time: 0h:3m:29s (0h:7m:6s left)
Log-likelihood cutoff on original alignment: -40397.197
Iteration 60 / LogL: -40298.217 / Time: 0h:4m:5s (0h:6m:15s left)
Iteration 70 / LogL: -40301.187 / Time: 0h:4m:37s (0h:5m:21s left)
Iteration 80 / LogL: -40295.346 / Time: 0h:5m:9s (0h:4m:33s left)
Estimate model parameters (epsilon = 0.100)
BETTER TREE FOUND at iteration 82: -40281.428
Estimate model parameters (epsilon = 0.100)
BETTER TREE FOUND at iteration 86: -40280.510
Iteration 90 / LogL: -40328.302 / Time: 0h:5m:44s (0h:6m:11s left)
Iteration 100 / LogL: -40296.734 / Time: 0h:6m:17s (0h:5m:27s left)
Log-likelihood cutoff on original alignment: -40395.335
NOTE: Bootstrap correlation coefficient of split occurrence frequencies: 0.997
Iteration 110 / LogL: -40283.205 / Time: 0h:6m:54s (0h:5m:42s left)
Estimate model parameters (epsilon = 0.100)
BETTER TREE FOUND at iteration 120: -40278.120
Iteration 120 / LogL: -40278.120 / Time: 0h:7m:26s (0h:6m:15s left)
Iteration 130 / LogL: -40294.250 / Time: 0h:7m:58s (0h:5m:33s left)
Iteration 140 / LogL: -40313.399 / Time: 0h:8m:31s (0h:4m:54s left)
Estimate model parameters (epsilon = 0.100)
BETTER TREE FOUND at iteration 143: -40275.570
Iteration 150 / LogL: -40305.171 / Time: 0h:9m:6s (0h:5m:41s left)
Log-likelihood cutoff on original alignment: -40395.335
Iteration 160 / LogL: -40337.719 / Time: 0h:9m:45s (0h:5m:5s left)
Estimate model parameters (epsilon = 0.100)
BETTER TREE FOUND at iteration 168: -40273.437
Iteration 170 / LogL: -40281.638 / Time: 0h:10m:20s (0h:5m:59s left)
Iteration 180 / LogL: -40284.029 / Time: 0h:10m:55s (0h:5m:22s left)
Estimate model parameters (epsilon = 0.100)
BETTER TREE FOUND at iteration 189: -40273.150
Iteration 190 / LogL: -40273.758 / Time: 0h:11m:31s (0h:6m:1s left)
Iteration 200 / LogL: -40283.276 / Time: 0h:12m:3s (0h:5m:23s left)
Log-likelihood cutoff on original alignment: -40395.335
NOTE: Bootstrap correlation coefficient of split occurrence frequencies: 0.991
Iteration 210 / LogL: -40275.394 / Time: 0h:12m:40s (0h:5m:27s left)
Iteration 220 / LogL: -40300.867 / Time: 0h:13m:14s (0h:4m:50s left)
Iteration 230 / LogL: -40275.958 / Time: 0h:13m:47s (0h:4m:13s left)
Estimate model parameters (epsilon = 0.100)
BETTER TREE FOUND at iteration 231: -40272.083
Iteration 240 / LogL: -40275.179 / Time: 0h:14m:22s (0h:5m:28s left)
Estimate model parameters (epsilon = 0.100)
BETTER TREE FOUND at iteration 243: -40271.287
Iteration 250 / LogL: -40275.619 / Time: 0h:14m:59s (0h:5m:35s left)
Log-likelihood cutoff on original alignment: -40395.335
Iteration 260 / LogL: -40276.333 / Time: 0h:15m:39s (0h:5m:0s left)
Iteration 270 / LogL: -40276.575 / Time: 0h:16m:13s (0h:4m:24s left)
Iteration 280 / LogL: -40273.858 / Time: 0h:16m:50s (0h:3m:48s left)
Iteration 290 / LogL: -40300.686 / Time: 0h:17m:24s (0h:3m:11s left)
Iteration 300 / LogL: -40281.448 / Time: 0h:17m:59s (0h:2m:35s left)
Log-likelihood cutoff on original alignment: -40395.335
NOTE: Bootstrap correlation coefficient of split occurrence frequencies: 0.990
NOTE: UFBoot does not converge, continue at least 100 more iterations
Estimate model parameters (epsilon = 0.100)
BETTER TREE FOUND at iteration 301: -40270.995
Iteration 310 / LogL: -40372.828 / Time: 0h:18m:39s (0h:5m:29s left)
Estimate model parameters (epsilon = 0.100)
BETTER TREE FOUND at iteration 313: -40270.849
Iteration 320 / LogL: -40287.216 / Time: 0h:19m:13s (0h:5m:36s left)
Estimate model parameters (epsilon = 0.100)
BETTER TREE FOUND at iteration 329: -40268.863
Iteration 330 / LogL: -40317.807 / Time: 0h:19m:48s (0h:5m:57s left)
Iteration 340 / LogL: -40368.841 / Time: 0h:20m:21s (0h:5m:20s left)
Iteration 350 / LogL: -40293.354 / Time: 0h:20m:55s (0h:4m:44s left)
Log-likelihood cutoff on original alignment: -40395.335
Iteration 360 / LogL: -40307.729 / Time: 0h:21m:36s (0h:4m:9s left)
Iteration 370 / LogL: -40309.515 / Time: 0h:22m:10s (0h:3m:32s left)
Iteration 380 / LogL: -40277.630 / Time: 0h:22m:44s (0h:2m:56s left)
Estimate model parameters (epsilon = 0.100)
BETTER TREE FOUND at iteration 390: -40268.560
Iteration 390 / LogL: -40268.560 / Time: 0h:23m:20s (0h:5m:59s left)
Iteration 400 / LogL: -40282.992 / Time: 0h:23m:54s (0h:5m:23s left)
Log-likelihood cutoff on original alignment: -40395.335
NOTE: Bootstrap correlation coefficient of split occurrence frequencies: 0.995
Estimate model parameters (epsilon = 0.100)
BETTER TREE FOUND at iteration 406: -40267.966
Estimate model parameters (epsilon = 0.100)
BETTER TREE FOUND at iteration 408: -40266.545
Iteration 410 / LogL: -40288.517 / Time: 0h:24m:37s (0h:5m:53s left)
Iteration 420 / LogL: -40272.947 / Time: 0h:25m:12s (0h:5m:17s left)
Iteration 430 / LogL: -40269.297 / Time: 0h:25m:49s (0h:4m:41s left)
Iteration 440 / LogL: -40269.353 / Time: 0h:26m:23s (0h:4m:5s left)
Iteration 450 / LogL: -40274.520 / Time: 0h:26m:59s (0h:3m:29s left)
Log-likelihood cutoff on original alignment: -40395.335
Iteration 460 / LogL: -40319.375 / Time: 0h:27m:36s (0h:2m:53s left)
Iteration 470 / LogL: -40281.050 / Time: 0h:28m:12s (0h:2m:17s left)
Iteration 480 / LogL: -40272.853 / Time: 0h:28m:47s (0h:1m:40s left)
Iteration 490 / LogL: -40276.827 / Time: 0h:29m:21s (0h:1m:4s left)
Iteration 500 / LogL: -40289.063 / Time: 0h:29m:57s (0h:0m:28s left)
Log-likelihood cutoff on original alignment: -40395.335
NOTE: Bootstrap correlation coefficient of split occurrence frequencies: 0.996
TREE SEARCH COMPLETED AFTER 509 ITERATIONS / Time: 0h:30m:31s

--------------------------------------------------------------------
|                    FINALIZING TREE SEARCH                        |
--------------------------------------------------------------------
Performs final model parameters optimization
Estimate model parameters (epsilon = 0.010)
1. Initial log-likelihood: -40266.545
Optimal log-likelihood: -40266.545
Site proportion and rates:  (0.096,0.160) (0.212,0.439) (0.349,0.943) (0.283,1.472) (0.060,2.436)
Parameters optimization took 1 rounds (0.395 sec)
BEST SCORE FOUND : -40266.545
Ancestral state probabilities printed to GFP_Final.fasta.state
Creating bootstrap support values...
Split supports printed to NEXUS file GFP_Final.fasta.splits.nex
Total tree length: 46.662

Total number of iterations: 509
CPU time used for tree search: 1803.517 sec (0h:30m:3s)
Wall-clock time used for tree search: 1805.725 sec (0h:30m:5s)
Total CPU time used: 1835.463 sec (0h:30m:35s)
Total wall-clock time used: 1843.711 sec (0h:30m:43s)

Computing bootstrap consensus tree...
Reading input file GFP_Final.fasta.splits.nex...
248 taxa and 2187 splits.
Consensus tree written to GFP_Final.fasta.contree
Reading input trees file GFP_Final.fasta.contree
Log-likelihood of consensus tree: -40271.676

Analysis results written to: 
  IQ-TREE report:                GFP_Final.fasta.iqtree
  Maximum-likelihood tree:       GFP_Final.fasta.treefile
  Likelihood distances:          GFP_Final.fasta.mldist
  Ancestral state:               GFP_Final.fasta.state

Ultrafast bootstrap approximation results written to:
  Split support values:          GFP_Final.fasta.splits.nex
  Consensus tree:                GFP_Final.fasta.contree
  Screen log file:               GFP_Final.fasta.log

Date and Time: Thu Mar 11 20:53:27 2021
